2025-05-28 00:41:39,572 Sent event 1: 3b2c26c0-a727-4ad4-a805-7888941ab4fa
2025-05-28 00:41:39,584 Sent event 2: 01d9a0c3-5b9c-4cd5-b2c7-40dea1550681
2025-05-28 00:41:39,596 Sent event 3: ac9845cd-85d4-40a3-bc3c-f2ea18dee344
2025-05-28 00:41:39,609 Sent event 4: 26c55591-f120-441e-8af2-6dbb57474f22
2025-05-28 00:41:39,625 Sent event 5: 3d609c44-b4c0-4ca9-bfac-9eabb6325c26
2025-05-28 00:41:39,639 Sent event 6: dcc55adb-85c3-493b-a327-d5b96f87cd67
2025-05-28 00:41:39,652 Sent event 7: ea02591c-2652-4cfe-8b0c-a34aaa183e3f
2025-05-28 00:41:39,666 Sent event 8: fb8dfe01-1ddf-4615-b180-9000442a3fd7
2025-05-28 00:41:39,679 Sent event 9: 90c40fe5-ae56-4bde-8370-3145dcc1fb54
2025-05-28 00:41:39,693 Sent event 10: 21c0668c-a217-43e4-ab38-c58e5bd560ba
2025-05-28 00:41:39,706 Sent event 11: d13cf2af-cef6-4422-8903-07797459d00a
2025-05-28 00:41:39,719 Sent event 12: 008bd4d9-46a7-421b-90b9-a6b984425f1d
2025-05-28 00:41:39,732 Sent event 13: 2b8a030f-97f8-4af1-9400-2cfc5e84c016
2025-05-28 00:41:39,744 Sent event 14: eb3d32cd-0f2d-4c73-8920-d88e0a560a9a
2025-05-28 00:41:39,758 Sent event 15: a266cce6-5c22-43e5-b531-953612023b57
2025-05-28 00:41:39,773 Sent event 16: 657c6222-3121-4ae1-8dd4-32215747b693
2025-05-28 00:41:39,788 Sent event 17: 0e3d6e77-eda0-43ad-a7fe-d8f6184ea135
2025-05-28 00:41:39,801 Sent event 18: 0ec5f3e7-2762-4154-af70-34bc2d5cf6c0
2025-05-28 00:41:39,816 Sent event 19: b741fbf8-ee8e-49f1-a9ce-91db40f539d2
2025-05-28 00:41:39,831 Sent event 20: 501ad18c-762a-47db-97bb-dca65a444ff5
2025-05-28 00:41:39,845 Sent event 21: 38946938-998d-4c36-918a-ea7a1a3873fd
2025-05-28 00:41:39,861 Sent event 22: 58e6192a-708a-4d30-b3fb-9a8c385f3cb1
2025-05-28 00:41:39,875 Sent event 23: af19705a-475a-42b9-8a4e-f148c22ffe79
2025-05-28 00:41:39,890 Sent event 24: c1d63307-a04a-4d01-b9b8-0a17a107e53b
2025-05-28 00:41:39,903 Sent event 25: f4cc980a-4728-4e9e-baa9-2026a2571425
2025-05-28 00:41:39,916 Sent event 26: 46092f4a-0a81-4f1f-8d37-ca6d563ea0eb
2025-05-28 00:41:39,930 Sent event 27: d5d4f594-e990-433b-adb2-475e281fc743
2025-05-28 00:41:39,944 Sent event 28: 818af8e4-960f-480b-825b-549ff5712b62
2025-05-28 00:41:39,958 Sent event 29: 18a772d0-de61-4461-98b8-040190a49bc2
2025-05-28 00:41:39,974 Sent event 30: 6d93b874-01e9-4a7c-a062-465fbc7218b4
2025-05-28 00:41:39,988 Sent event 31: 7e3fff66-ec4e-470b-a844-09c8d8f268b6
2025-05-28 00:41:40,002 Sent event 32: d250923f-31d9-4994-85d6-e5abc4e6fdb3
2025-05-28 00:41:40,017 Sent event 33: e5dada04-7a3f-47d5-b0f8-fe95b4e55384
2025-05-28 00:41:40,031 Sent event 34: ffe367b3-b9bb-4afa-81f0-e38edad05209
2025-05-28 00:41:40,046 Sent event 35: 35be1fad-5698-429f-9394-aea3f0797182
2025-05-28 00:41:40,061 Sent event 36: 1c1d4227-bb46-4bf3-8f6d-2b77aa8ef5ab
2025-05-28 00:41:40,102 Sent event 37: 6a752f3e-79f0-43ec-806f-f4548bd9a1e5
2025-05-28 00:41:40,115 Sent event 38: 285bd625-e623-413a-a8b0-588eeb206b42
2025-05-28 00:41:40,128 Sent event 39: 07525600-6ebb-459a-a4ff-3f3dd9cb2f2d
2025-05-28 00:41:40,142 Sent event 40: be582cb9-d583-43ce-912d-8925dad445c0
2025-05-28 00:41:40,155 Sent event 41: 43019a4b-b3a7-4d4f-91f4-fd2a60bc000e
2025-05-28 00:41:40,169 Sent event 42: 5b0eb8de-ad2e-400e-ae07-6c1abebba137
2025-05-28 00:41:40,182 Sent event 43: 84ee4a2a-2213-459f-aa71-a9b179c00cfb
2025-05-28 00:41:40,196 Sent event 44: 23d4d4c8-f57d-445a-b0ec-b5bdc99b2278
2025-05-28 00:41:40,209 Sent event 45: 577c3f63-13b8-4a14-8012-500c4d12a930
2025-05-28 00:41:40,222 Sent event 46: 28c812d1-f280-43e7-8bfe-e666c22f101e
2025-05-28 00:41:40,235 Sent event 47: f5177105-bb4d-4af9-a6ac-c3e964848911
2025-05-28 00:41:40,248 Sent event 48: 2c92f69f-6c44-4941-9b4d-52dc37a8025e
2025-05-28 00:41:40,263 Sent event 49: 1dd98590-363f-49aa-8df3-da27787f72d2
2025-05-28 00:41:40,275 Sent event 50: d6f94933-115f-49b1-a4db-61dafaacceaa
2025-05-28 00:41:40,289 Sent event 51: c51ce5be-4c57-4e59-9c4d-5180e00cbe75
2025-05-28 00:41:40,308 Sent event 52: ccc67e54-574f-4990-8f48-336dcb790d1e
2025-05-28 00:41:40,322 Sent event 53: 1e4f6032-31a8-475c-9158-7daab64e60bc
2025-05-28 00:41:40,335 Sent event 54: 16da5338-429b-46f5-9c81-f17ca33e3d6e
2025-05-28 00:41:40,352 Sent event 55: c47ff6ea-b3a8-4d47-9517-ec0b5f0a9208
2025-05-28 00:41:40,366 Sent event 56: e95120a3-c8ca-4669-a1d5-82db64d9af69
2025-05-28 00:41:40,379 Sent event 57: 550e4e10-235d-43ef-88ac-91302128226c
2025-05-28 00:41:40,392 Sent event 58: 8f0306d4-9567-435c-806e-989cac7523f4
2025-05-28 00:41:40,406 Sent event 59: 493eff83-4561-428c-b201-8a67924016ed
2025-05-28 00:41:40,419 Sent event 60: 0c86b194-06d0-4d1c-9176-e36d716b8c2a
2025-05-28 00:41:40,436 Sent event 61: 16b5176b-1d15-48b9-bce4-25de02fd3008
2025-05-28 00:41:40,450 Sent event 62: cbf3d553-488e-4a3c-9a4e-f59fbf40c4d8
2025-05-28 00:41:40,463 Sent event 63: cba14fb1-8c1d-4244-86bb-32ee6b883fce
2025-05-28 00:41:40,476 Sent event 64: 7e07a64e-9d6f-4185-9c8f-b1b9bfbba028
2025-05-28 00:41:40,492 Sent event 65: 9bb6a555-988f-4f6b-ade5-65add3d4c336
2025-05-28 00:41:40,505 Sent event 66: 925e6e2e-aa48-4336-9d56-6741c078dade
2025-05-28 00:41:40,522 Sent event 67: 80cd606b-31d0-4962-82ae-43570f0b3c88
2025-05-28 00:41:40,534 Sent event 68: 861348f8-5fe0-4824-a7f3-36555139b995
2025-05-28 00:41:40,545 Sent event 69: 5796b47c-b7b1-4f21-b7a6-5ed3e58570c8
2025-05-28 00:41:40,559 Sent event 70: d727a101-8f36-4083-ae76-3308f4a934b6
2025-05-28 00:41:40,571 Sent event 71: fdb0bd9e-8c9a-4482-822e-079859bece1e
2025-05-28 00:41:40,584 Sent event 72: 55333d41-14b1-4e0b-aac5-b5576e022b28
2025-05-28 00:41:40,597 Sent event 73: bf4859cc-8a2c-4710-9161-e5ab33763f48
2025-05-28 00:41:40,610 Sent event 74: 811df69f-12ed-4d91-a74f-d8ec4531197d
2025-05-28 00:41:40,624 Sent event 75: d186278c-5c11-4645-b960-408f2fcd74bd
2025-05-28 00:41:40,639 Sent event 76: 7f46114a-65e4-440b-bc87-febd0ef5daf6
2025-05-28 00:41:40,652 Sent event 77: 484aaed2-dfb3-474a-a110-1b2738b6e1e1
2025-05-28 00:41:40,666 Sent event 78: ebac2369-a6ca-4f6e-b588-b025631254dc
2025-05-28 00:41:40,680 Sent event 79: c39794e9-8730-4101-b75a-0734832a5d88
2025-05-28 00:41:40,694 Sent event 80: 681bd445-af42-4860-b29e-666b527c6eec
2025-05-28 00:41:40,707 Sent event 81: b8376595-5298-42cd-9e16-8057c8f81fdb
2025-05-28 00:41:40,720 Sent event 82: 132c17d8-8c5d-46cf-9f6d-7c78dd1d4586
2025-05-28 00:41:40,732 Sent event 83: d35a57cf-32cc-4897-b33f-c08ff3b3ba68
2025-05-28 00:41:40,745 Sent event 84: 425ee1d1-fcb8-4e88-942a-d5f9cb66e654
2025-05-28 00:41:40,757 Sent event 85: 95892da1-e893-4ee2-b3c3-89a63fb63aa3
2025-05-28 00:41:40,770 Sent event 86: 9f454545-2c20-4b71-8c32-8431aadb2640
2025-05-28 00:41:40,783 Sent event 87: a2595220-5e84-40d1-a580-23f87402054c
2025-05-28 00:41:40,795 Sent event 88: d00d8995-5a3c-4477-b969-db30ace98152
2025-05-28 00:41:40,809 Sent event 89: 4b186dc2-aa55-4530-924b-d1e83ca7f7c8
2025-05-28 00:41:40,823 Sent event 90: 7e1b2eab-7593-4dd7-846f-b158cc80a85e
2025-05-28 00:41:40,835 Sent event 91: d0149b1b-f5e9-44e4-95df-485984027e49
2025-05-28 00:41:40,847 Sent event 92: 7e323963-fffb-4cc6-8956-e92267fce24c
2025-05-28 00:41:40,859 Sent event 93: 709e52ed-5b1e-4d11-9ccc-3e06588f69e7
2025-05-28 00:41:40,871 Sent event 94: 11c15324-d67b-4ec3-8028-22f6257769da
2025-05-28 00:41:40,884 Sent event 95: 29f1fe75-2f5c-4aaa-add7-eeadd31e8ba4
2025-05-28 00:41:40,896 Sent event 96: e5f8c9db-73d1-444b-8dc2-a422f5060bee
2025-05-28 00:41:40,908 Sent event 97: 8bf33175-1167-4407-a116-5a0e34a46eb1
2025-05-28 00:41:40,920 Sent event 98: e4bdeb78-9865-4e7b-b98b-2f83b763d5a6
2025-05-28 00:41:40,932 Sent event 99: 8b297ba5-4ae8-4fcd-a48b-896f8580d92d
2025-05-28 00:41:40,945 Sent event 100: 049d4b47-8aaa-429d-bc5c-30ad97402a40
2025-05-28 00:41:40,958 Sent event 101: 63c7f207-bbaf-4a2f-8984-e44132c35030
2025-05-28 00:41:40,970 Sent event 102: 00a68f8b-87b6-46b5-ae11-b93f53b5a84d
2025-05-28 00:41:40,982 Sent event 103: 01d63b97-699c-456c-b6a8-ad343f702198
2025-05-28 00:41:40,996 Sent event 104: e6f69a89-cdfd-4cac-84d4-8a1d905b7909
2025-05-28 00:41:41,010 Sent event 105: 4f81eca2-6e2b-4699-bce1-b2f3a2d21409
2025-05-28 00:41:41,022 Sent event 106: bb18971a-86c9-42ca-a4ce-a348e5c5f280
2025-05-28 00:41:41,037 Sent event 107: abf200d7-2fbc-4649-8fcb-5cc795e7fddc
2025-05-28 00:41:41,051 Sent event 108: fa884abd-57e1-44bb-a684-bd52bda5a5ab
2025-05-28 00:41:41,064 Sent event 109: 36e05324-5b9e-4ac9-b393-6437cd798878
2025-05-28 00:41:41,079 Sent event 110: b7442d9a-333b-4dd9-ae67-9ccec4db3fad
2025-05-28 00:41:41,092 Sent event 111: 00b21ed7-f952-43ba-81ec-e0e9c186b109
2025-05-28 00:41:41,106 Sent event 112: 8b0822a4-1644-461f-8bd5-36a829e1fd13
2025-05-28 00:41:41,120 Sent event 113: 4a927251-1d4e-4343-93cb-6fbb273cc0a7
2025-05-28 00:41:41,134 Sent event 114: 09e1dce2-b3ba-4a11-97e2-ade9f8797be7
2025-05-28 00:41:41,147 Sent event 115: a9c7471d-b02c-4a3f-9730-2fcdccc3c1ae
2025-05-28 00:41:41,162 Sent event 116: e3f0468d-6d5d-4462-8254-ef7684de5608
2025-05-28 00:41:41,183 Sent event 117: e62c53d4-0044-4b45-9aad-b72298960f32
2025-05-28 00:41:41,196 Sent event 118: b9e3621a-448c-4548-8b58-6846bcfae5d6
2025-05-28 00:41:41,208 Sent event 119: c5d2c7c3-9eb6-4c52-b5cc-117208a65a1d
2025-05-28 00:41:41,222 Sent event 120: c0854b10-0ef0-4e11-b444-6ce176602441
2025-05-28 00:41:41,236 Sent event 121: 60034d30-5dcd-40c9-85e7-fe859110d12f
2025-05-28 00:41:41,249 Sent event 122: 8ec304fc-8cff-4cd1-890e-c4b8b804ba3d
2025-05-28 00:41:41,263 Sent event 123: e21a112e-9fac-40a5-8f4c-2a3323e27705
2025-05-28 00:41:41,276 Sent event 124: 84ec2644-fb93-48f2-995d-58fadc8028fa
2025-05-28 00:41:41,289 Sent event 125: 674b33c3-1a19-423d-a027-52521a5addff
2025-05-28 00:41:41,303 Sent event 126: 41d75d9f-a1e4-499b-a594-ef8e2bf45be9
2025-05-28 00:41:41,316 Sent event 127: e195c429-5890-4bc0-95bc-649864fd7276
2025-05-28 00:41:41,330 Sent event 128: eba5be91-9085-489c-97cb-214091f48f91
2025-05-28 00:41:41,346 Sent event 129: 249f0feb-6166-4c25-9569-87c90a0562d6
2025-05-28 00:41:41,363 Sent event 130: 28253dfb-d848-4013-bbf3-f55ff51048c3
2025-05-28 00:41:41,376 Sent event 131: 87e37e17-4989-41c9-bdd2-716b4b0f13ea
2025-05-28 00:41:41,392 Sent event 132: f2f20da8-2931-44f8-aeba-60c035526c01
2025-05-28 00:41:41,406 Sent event 133: 088d7835-05e9-4c45-ac21-5100aaa121e6
2025-05-28 00:41:41,423 Sent event 134: 5d8bc065-64d8-4fef-a0f3-ac59fb5b51d3
2025-05-28 00:41:41,436 Sent event 135: 462ffecd-3efc-4390-be9b-34b85381f80e
2025-05-28 00:41:41,448 Sent event 136: f9b676b5-a97d-4eae-b828-3d579b10b0dd
2025-05-28 00:41:41,462 Sent event 137: 401dff56-b7b5-4798-aad9-b98f92d388ee
2025-05-28 00:41:41,475 Sent event 138: 086e2058-1bdb-4c33-be94-9f096f973f57
2025-05-28 00:41:41,489 Sent event 139: 9b94f3dd-b3ea-4301-a8cd-d73692270179
2025-05-28 00:41:41,504 Sent event 140: 1015bb1a-951a-4fb4-ad3f-da3ca397bef0
2025-05-28 00:41:41,521 Sent event 141: ef534b92-2bdd-42f3-8049-4f8d2f9569dc
2025-05-28 00:41:41,534 Sent event 142: 953a19c9-9fac-4758-a123-a1499f0393d5
2025-05-28 00:41:41,547 Sent event 143: 609585e6-c579-40f0-a7eb-8485fc978756
2025-05-28 00:41:41,562 Sent event 144: 9e5a6b4e-47f9-4501-8cd8-54068a6aa92f
2025-05-28 00:41:41,577 Sent event 145: 5a0094dd-49fe-423d-9952-85f84a05033f
2025-05-28 00:41:41,590 Sent event 146: 60d63592-ef61-4f83-8ede-9aa9f6bbde1b
2025-05-28 00:41:41,603 Sent event 147: 745a7805-ff52-4704-879a-0de46cda27de
2025-05-28 00:41:41,617 Sent event 148: ef064492-5eda-4f28-8224-bc1dcea4ef02
2025-05-28 00:41:41,630 Sent event 149: a7fdb631-3093-42d6-8a2a-68d03ca71bae
2025-05-28 00:41:41,643 Sent event 150: 6c50629c-6a73-4f14-aa52-eea805f9a8af
2025-05-28 00:41:41,657 Sent event 151: b3e7eb74-d00b-47ab-aa05-bdd916e6695d
2025-05-28 00:41:41,670 Sent event 152: 239e135f-e989-4399-8e14-0457ba83ed3b
2025-05-28 00:41:41,684 Sent event 153: f4170f2b-6481-4c94-b503-69cf0290de0e
2025-05-28 00:41:41,698 Sent event 154: 3c623922-b422-49d9-872c-8e3d245b71b1
2025-05-28 00:41:41,712 Sent event 155: ac56ef02-78eb-4f2d-b7d2-b4831adf2b2e
2025-05-28 00:41:41,726 Sent event 156: 2b40392b-b228-435d-8251-9779f1d8b4be
2025-05-28 00:41:41,740 Sent event 157: 04cc1ca3-3bd0-4fe5-8905-d3e54f6d9e11
2025-05-28 00:41:41,754 Sent event 158: a4e89bdc-9eae-44d2-8b29-f7d863514166
2025-05-28 00:41:41,773 Sent event 159: 6f6b3d94-8e6a-4d24-b4a7-3e013438302c
2025-05-28 00:41:41,787 Sent event 160: 61c22aed-236b-46db-b475-ce4d7d23dae2
2025-05-28 00:41:41,801 Sent event 161: 6b2075cc-08a5-43b2-bfa2-25ae1c74a97c
2025-05-28 00:41:41,815 Sent event 162: 6962d355-fee0-48c1-9c02-821a4fb3c6c5
2025-05-28 00:41:41,831 Sent event 163: 82db9881-91dc-4dee-89a8-d6459533582b
2025-05-28 00:41:41,848 Sent event 164: 5b246a0e-4980-489e-8d11-0b9093f3933c
2025-05-28 00:41:41,865 Sent event 165: 2c68c502-ff5a-42ff-891d-4d0f56716093
2025-05-28 00:41:41,879 Sent event 166: 87ae1e2d-1e8e-400e-a081-9f215eaf5759
2025-05-28 00:41:41,895 Sent event 167: 8f78843f-eb9e-48f2-940a-a1fa40f5b6e5
2025-05-28 00:41:41,908 Sent event 168: e2de1ef9-0bcf-4a76-b5fd-c4248ec11331
2025-05-28 00:41:41,921 Sent event 169: 6f6d890c-15fc-4a72-a082-f916393af594
2025-05-28 00:41:41,936 Sent event 170: 85e54a3c-aa59-4824-9ee0-0515a3de04c7
2025-05-28 00:41:41,948 Sent event 171: 5bdb874a-7e8e-4051-8c98-884fe442adfa
2025-05-28 00:41:41,961 Sent event 172: 3e299e4c-76a6-4f82-ab7c-901078c2a6dd
2025-05-28 00:41:41,974 Sent event 173: dd4cf28e-bbf7-45ed-b99b-1eac078dc1af
2025-05-28 00:41:41,987 Sent event 174: c52a6c49-5d7f-4b2b-be66-2671c01b31b3
2025-05-28 00:41:41,999 Sent event 175: 9d2861e8-3bd3-4aa4-a5b5-2d15cb94efa1
2025-05-28 00:41:42,012 Sent event 176: fd03899f-edbd-4379-9610-5948553366b7
2025-05-28 00:41:42,025 Sent event 177: 9b0a6039-cda1-4e62-b9c2-fef1866694d2
2025-05-28 00:41:42,038 Sent event 178: a4042c5b-29f4-4c91-83e4-be0d5263ea29
2025-05-28 00:41:42,051 Sent event 179: f7d38ca9-cbf0-4e29-8066-8d931f769a03
2025-05-28 00:41:42,064 Sent event 180: 3eba9a94-45f8-42e2-80ef-8385158fffd2
2025-05-28 00:41:42,078 Sent event 181: 400fd532-75bb-47fb-acb5-abbaf275c018
2025-05-28 00:41:42,091 Sent event 182: 7583e81f-95c2-473e-83f8-9a5842dbd52d
2025-05-28 00:41:42,105 Sent event 183: 1d90add6-9dcd-450e-8618-07bec6695a36
2025-05-28 00:41:42,118 Sent event 184: e18bd98b-ed10-4cb7-a5de-4b23828665b1
2025-05-28 00:41:42,131 Sent event 185: 15d86194-7746-4200-ac16-1f500ca93395
2025-05-28 00:41:42,144 Sent event 186: 179d3645-e7ad-4f43-95d6-5e2cfa6f04b6
2025-05-28 00:41:42,157 Sent event 187: 534b30db-ede3-45af-8c84-9f76d6950798
2025-05-28 00:41:42,170 Sent event 188: df2b46a6-bbbf-494c-89f7-b9a538f29f2d
2025-05-28 00:41:42,185 Sent event 189: 26dd87d6-2810-4a25-9d79-2ac2cae9aa80
2025-05-28 00:41:42,201 Sent event 190: 0e23bd13-3cd9-4040-bb1b-e5b17ca2607d
2025-05-28 00:41:42,214 Sent event 191: be2ec3f6-16bb-467d-b641-392fb7cac517
2025-05-28 00:41:42,227 Sent event 192: 6643d537-9bf3-4bdf-b332-5f156c4e80c9
2025-05-28 00:41:42,245 Sent event 193: 4f7e8457-a7d5-41ba-b4b7-17c29c9ee51d
2025-05-28 00:41:42,266 Sent event 194: d1d674e5-8a78-4553-9d07-80fcb9db4326
2025-05-28 00:41:42,279 Sent event 195: 5c5c5a6f-a2d4-4839-a2a3-720dd9c2a4cf
2025-05-28 00:41:42,291 Sent event 196: fa896243-09c1-433f-b659-3bec0b4b538f
2025-05-28 00:41:42,304 Sent event 197: 4a75777e-cd96-46df-a57c-f482f7b54e0c
2025-05-28 00:41:42,317 Sent event 198: 5b0f7f3c-9803-4e0b-a700-eece1443481f
2025-05-28 00:41:42,330 Sent event 199: 470e3aa5-5fbb-40aa-9b31-e2df68bd3be2
2025-05-28 00:41:42,343 Sent event 200: edc8bcfb-1110-4536-85ff-47e6d0dd4d5b
2025-05-28 00:41:42,356 Sent event 201: 6f9b58b7-730c-419b-8a73-21d37a3b370c
2025-05-28 00:41:42,370 Sent event 202: 9894b1b4-5441-49df-8742-86beabb8ca4b
2025-05-28 00:41:42,384 Sent event 203: 4f012838-3c7f-47f6-97b2-e2dbeffa8e4d
2025-05-28 00:41:42,397 Sent event 204: 67447f23-b070-4906-9024-123f3181bf6c
2025-05-28 00:41:42,409 Sent event 205: 0deef47b-4de5-4651-92e7-c5f827a3928c
2025-05-28 00:41:42,423 Sent event 206: 11da5236-c32d-4c2e-ab14-60d4c4b9a4fb
2025-05-28 00:41:42,437 Sent event 207: 3b066bdb-fa3d-4ab6-8a6e-5d7e0b4a63c9
2025-05-28 00:41:42,450 Sent event 208: dd9194a5-0288-4739-b36c-71e5f1fb96a6
2025-05-28 00:41:42,463 Sent event 209: af481bf9-1377-4170-b496-763dd8bd4c79
2025-05-28 00:41:42,476 Sent event 210: 90f8f9d0-d105-468d-bdca-6f50c84bea66
2025-05-28 00:41:42,490 Sent event 211: 8c1fca81-8026-43c7-9780-83a9c0ef2d23
2025-05-28 00:41:42,503 Sent event 212: d83dc85e-38f4-4629-98ae-4f7fc34fb9da
2025-05-28 00:41:42,517 Sent event 213: 72e6d0b0-691b-4d4f-88ea-64bc7373ad26
2025-05-28 00:41:42,530 Sent event 214: 2575f35e-4e89-4a3d-badc-ba8bcc7152cd
2025-05-28 00:41:42,543 Sent event 215: ffae7f55-bc27-4e1c-b5cd-28c555a54d42
2025-05-28 00:41:42,557 Sent event 216: 5475f46d-1222-42d7-93d9-8d34f9e9308c
2025-05-28 00:41:42,570 Sent event 217: c2af2d80-e81c-4643-baa1-6009aae21b97
2025-05-28 00:41:42,584 Sent event 218: b79ec277-7790-4edb-9ddf-780fea88c5a3
2025-05-28 00:41:42,597 Sent event 219: c6141399-efcd-4047-8163-fb3f329641c0
2025-05-28 00:41:42,610 Sent event 220: bcd8986a-a598-4997-87bf-e0d338956176
2025-05-28 00:41:42,623 Sent event 221: 396be0cf-7ca5-4fe8-81a5-c88cbe9a63da
2025-05-28 00:41:42,637 Sent event 222: 0b8ce59c-27b4-4a5c-9944-ac81db0ddd5c
2025-05-28 00:41:42,650 Sent event 223: 7c15977a-457f-4d87-8b8c-e0df84d27b35
2025-05-28 00:41:42,664 Sent event 224: d5aad6e9-242e-4b7a-bc2a-4f586bf636e9
2025-05-28 00:41:42,677 Sent event 225: a0a45d57-aa68-46f3-aedd-2919bcf23e5b
2025-05-28 00:41:42,690 Sent event 226: 95a4e9c9-061c-49fa-8df1-4e7354e0ffd6
2025-05-28 00:41:42,703 Sent event 227: d678f0db-f9f5-48d6-bd4f-5cc36651123f
2025-05-28 00:41:42,716 Sent event 228: 1b49d0bd-2ef3-46af-8b30-6988c94a718c
2025-05-28 00:41:42,729 Sent event 229: bed59139-d376-4e86-8c6a-d79c81204f6d
2025-05-28 00:41:42,743 Sent event 230: 7b856ee5-2986-4c0b-9f00-7aa959cfb693
2025-05-28 00:41:42,756 Sent event 231: fe95237a-bc08-44bc-9def-6af84677c50f
2025-05-28 00:41:42,770 Sent event 232: f1ee310f-7150-4d6d-afda-179c4a9061c9
2025-05-28 00:41:42,782 Sent event 233: fe0afc8b-856d-443f-9a17-161962620d8d
2025-05-28 00:41:42,795 Sent event 234: bf87bfef-a54c-41ee-b403-75776366141e
2025-05-28 00:41:42,807 Sent event 235: eccb5ced-c2f6-48ce-85d6-b4cf85c4470e
2025-05-28 00:41:42,820 Sent event 236: 1ee462f9-97e9-4e49-940b-001c1de8d9aa
2025-05-28 00:41:42,832 Sent event 237: bf7363fa-2e37-4514-abf8-faa9161e4c68
2025-05-28 00:41:42,844 Sent event 238: e23ba39d-ab15-43e7-a1f7-b2a23a2341c8
2025-05-28 00:41:42,857 Sent event 239: 9efa4d16-59cd-4bec-8d42-10ebf8ba8dea
2025-05-28 00:41:42,870 Sent event 240: 7864fc3a-47be-4da5-8150-e4541d11b396
2025-05-28 00:41:42,883 Sent event 241: dbad6a65-4c73-4279-b981-f7071b6f2eda
2025-05-28 00:41:42,896 Sent event 242: 8c56eab6-aedf-4177-ab32-3b701cd3e581
2025-05-28 00:41:42,912 Sent event 243: 8b4999f7-b085-4e88-a6bc-7256d67ea218
2025-05-28 00:41:42,926 Sent event 244: 00dccabd-d5fe-4f6c-a489-63b4da606412
2025-05-28 00:41:42,943 Sent event 245: 2dfcaa36-2ff5-4c4d-b704-5b9c726df3f5
2025-05-28 00:41:42,958 Sent event 246: 4f786ca9-8b33-4958-8975-1843a9ebcfd4
2025-05-28 00:41:42,972 Sent event 247: 73cb369a-da9e-4e29-a85a-08e9cbcb5c08
2025-05-28 00:41:42,984 Sent event 248: 09d9f84c-7ee8-430f-8429-e8d829865db8
2025-05-28 00:41:42,998 Sent event 249: 20f0e946-6972-4885-9e6c-7f8a3a1a8d4c
2025-05-28 00:41:43,011 Sent event 250: e14e546a-cfde-4da2-9d92-373d5478a3db
2025-05-28 00:41:43,023 Sent event 251: 790007ae-f3fe-411d-9175-6747370ade92
2025-05-28 00:41:43,037 Sent event 252: 50385d83-0ca4-4af4-a925-993907eff2df
2025-05-28 00:41:43,053 Sent event 253: faed6c37-3d88-4d6e-9f84-5de8ed38d268
2025-05-28 00:41:43,065 Sent event 254: 12325ecd-e673-4748-8f68-82cec0fba7c1
2025-05-28 00:41:43,078 Sent event 255: d369b48f-4dd5-41f7-851e-51fbdeb7712a
2025-05-28 00:41:43,091 Sent event 256: 80d68236-0929-4b35-b181-e12c1bc2465c
2025-05-28 00:41:43,104 Sent event 257: 175aeecc-10a1-4bcb-8872-7f6f125d6c75
2025-05-28 00:41:43,117 Sent event 258: 8dbafa5c-c820-414d-8357-7d57a016bd27
2025-05-28 00:41:43,130 Sent event 259: 6e3e9c71-7274-432a-a2fb-86177593835a
2025-05-28 00:41:43,143 Sent event 260: fb7b2634-dc56-4461-bf38-1a688058e19d
2025-05-28 00:41:43,155 Sent event 261: 82ef0eee-1e76-4445-8542-a6217bb60430
2025-05-28 00:41:43,169 Sent event 262: ae678b4a-d7fd-4022-9c6b-baa6dad7b2bb
2025-05-28 00:41:43,185 Sent event 263: a9d7bb35-10b9-4829-8dce-e34fb2dc3ee3
2025-05-28 00:41:43,198 Sent event 264: 596cd5ef-c1cf-497f-9514-c760d093cc4d
2025-05-28 00:41:43,211 Sent event 265: 43c6f133-b864-42ed-b75d-5113748b3a9b
2025-05-28 00:41:43,224 Sent event 266: cdc8adfa-59f1-463b-b115-eb532cb97776
2025-05-28 00:41:43,238 Sent event 267: 7cabdd55-86c5-4a2b-8a0a-94108c159172
2025-05-28 00:41:43,250 Sent event 268: b7dc3e4a-4fdc-4204-afc0-21fcfb343bb0
2025-05-28 00:41:43,266 Sent event 269: 180e0329-2f7f-4862-a658-6a8a90ac862e
2025-05-28 00:41:43,279 Sent event 270: 2716443c-e14c-47e8-b220-602e66bb633a
2025-05-28 00:41:43,308 Sent event 271: 8efe8c10-bb01-4558-9f5c-c3b46413ce7c
2025-05-28 00:41:43,320 Sent event 272: 3e92b9ad-9c72-4723-bcf0-bb41b77d6bdb
2025-05-28 00:41:43,332 Sent event 273: 7633b586-7014-42f9-93d5-916b16734557
2025-05-28 00:41:43,345 Sent event 274: 41e2f11b-37a1-4996-8f7f-3390da41554a
2025-05-28 00:41:43,357 Sent event 275: 3f8884f3-d26b-4a8f-bab8-9478fa704607
2025-05-28 00:41:43,370 Sent event 276: 7f2368d1-7223-47e3-a70d-e70bafa49d6c
2025-05-28 00:41:43,384 Sent event 277: 721362ed-29b6-49c0-aec3-cc539c0b6f62
2025-05-28 00:41:43,397 Sent event 278: 689df90f-3859-4179-8a15-b5fb6ca138f8
2025-05-28 00:41:43,409 Sent event 279: d19de48a-83ef-4f2d-85a5-79c0c518ff8d
2025-05-28 00:41:43,422 Sent event 280: 4b8c4cc1-bb57-4918-8e82-1d514da0283c
2025-05-28 00:41:43,435 Sent event 281: 6cfe58eb-b429-46e0-b1fb-3b1ca5243d87
2025-05-28 00:41:43,448 Sent event 282: 8c57183b-d9a7-42d7-8a19-30a32afed0ed
2025-05-28 00:41:43,462 Sent event 283: fe6e2de2-9d1b-4167-8c66-c34586b3dc80
2025-05-28 00:41:43,475 Sent event 284: 341fce2f-1e4b-4a36-8a66-909bb81699fa
2025-05-28 00:41:43,489 Sent event 285: bd4f04b2-1d7a-4b9f-8f73-d9695fa04792
2025-05-28 00:41:43,502 Sent event 286: ea8f5795-5cec-4370-bf75-5484d866e55e
2025-05-28 00:41:43,515 Sent event 287: cda2c955-51d5-471a-9f70-7e40b737a4c4
2025-05-28 00:41:43,527 Sent event 288: 9e31580d-6e37-4a81-a1b3-f50f932a5da6
2025-05-28 00:41:43,540 Sent event 289: 0387f497-eace-41d9-aa52-38b74cbd4653
2025-05-28 00:41:43,552 Sent event 290: 8b3409d7-de51-421f-a8d6-5058c85c3d25
2025-05-28 00:41:43,564 Sent event 291: ffc007cd-0f8f-4070-9ab5-5d86e8ff0500
2025-05-28 00:41:43,576 Sent event 292: 49fac60a-3799-45df-b41a-b2ef17c77069
2025-05-28 00:41:43,588 Sent event 293: 6b718f61-79f6-4470-9417-10944df9b028
2025-05-28 00:41:43,600 Sent event 294: fa89affa-539e-45ab-a4cb-c99c6437758a
2025-05-28 00:41:43,612 Sent event 295: a631c750-5ac9-4a8b-bbc0-cc73a2a4577d
2025-05-28 00:41:43,624 Sent event 296: 1284046d-5e18-45d5-9363-b0c5a2391d5e
2025-05-28 00:41:43,636 Sent event 297: 9e577b39-3c8d-43a2-9c4a-f48c118a6f1d
2025-05-28 00:41:43,649 Sent event 298: 906ccf69-a140-4478-8ba7-aca9332eb07b
2025-05-28 00:41:43,661 Sent event 299: 191943f7-3ccb-4006-a6d0-fc501096c993
2025-05-28 00:41:43,673 Sent event 300: 4dd4fbb2-47b0-47bc-9df0-815d77e5a7ed
2025-05-28 00:41:43,687 Sent event 301: b1d85ceb-9d64-4408-94d1-7a7eab83662c
2025-05-28 00:41:43,700 Sent event 302: 3ce57c95-83d6-4e84-b081-30c089ca1001
2025-05-28 00:41:43,713 Sent event 303: 14db8492-b416-45ca-90f0-dee0e5a9c81d
2025-05-28 00:41:43,726 Sent event 304: 38ddd384-d5f2-4d53-8aca-f7b2374f6ea2
2025-05-28 00:41:43,739 Sent event 305: b684eb2d-dded-4ae8-b8e6-3a6d8f153885
2025-05-28 00:41:43,753 Sent event 306: 09cee3ac-786a-4ec1-a003-83873958372c
2025-05-28 00:41:43,768 Sent event 307: bd69af14-b6cd-4c45-a472-41bd367fc139
2025-05-28 00:41:43,782 Sent event 308: 09c99480-822b-4ab8-baf7-304f945083d8
2025-05-28 00:41:43,795 Sent event 309: 57562869-f710-4433-833e-9b4a97bf86ca
2025-05-28 00:41:43,809 Sent event 310: de196472-e7c9-487a-a023-01c015117b88
2025-05-28 00:41:43,823 Sent event 311: 60065e8a-aa22-458d-903d-fa17731dc014
2025-05-28 00:41:43,836 Sent event 312: 11e87bc0-3f22-415c-9453-0a543a179556
2025-05-28 00:41:43,850 Sent event 313: 0f457ad9-83e6-43bf-895f-1ebbc9b8f7b4
2025-05-28 00:41:43,864 Sent event 314: dadfa18b-1409-44a1-af78-5a3accc7d979
2025-05-28 00:41:43,876 Sent event 315: b0619857-e5f7-479a-bfd7-5bfa43ac3e8c
2025-05-28 00:41:43,890 Sent event 316: a564c3e0-2863-48e5-ba41-acf74f6962ec
2025-05-28 00:41:43,903 Sent event 317: 099aad95-ce93-4db1-b81a-13f0c8c746e5
2025-05-28 00:41:43,916 Sent event 318: 3555c577-7f79-435a-8571-b37555f37506
2025-05-28 00:41:43,929 Sent event 319: f82618f9-cc63-4534-8800-6a0de8b477bc
2025-05-28 00:41:43,943 Sent event 320: 9ba97bff-81bb-42cf-8227-670cd3cfaba3
2025-05-28 00:41:43,957 Sent event 321: 23e0a185-18c4-4419-bacf-1dbe8fa49123
2025-05-28 00:41:43,970 Sent event 322: e8157c3b-efc7-4f4c-9753-440873771b5c
2025-05-28 00:41:43,983 Sent event 323: b30fca37-c073-456c-8c8c-523bb5616709
2025-05-28 00:41:43,996 Sent event 324: f33eca21-6012-4fb4-9620-a6bf4f1b35f9
2025-05-28 00:41:44,010 Sent event 325: 536e0d4a-f041-4bbf-af3d-d1cdd2db8746
2025-05-28 00:41:44,022 Sent event 326: c6e6df4c-801d-464c-9b53-506f206cfd04
2025-05-28 00:41:44,036 Sent event 327: ccd6f6e0-0846-4f08-8f57-68803b5b00a2
2025-05-28 00:41:44,050 Sent event 328: 62330c15-34a6-4b06-8de1-4dadf4c26e29
2025-05-28 00:41:44,063 Sent event 329: 9a89069c-c044-42f6-b15b-2fc8a348ee4d
2025-05-28 00:41:44,076 Sent event 330: bd7f5e81-e3ce-41df-b339-4fe98fb6bf0c
2025-05-28 00:41:44,090 Sent event 331: 6a4ff3b2-1852-49fe-83e2-3134721ca915
2025-05-28 00:41:44,104 Sent event 332: 126c295f-8153-42f3-a321-c863d122b48a
2025-05-28 00:41:44,119 Sent event 333: c4180761-0ddf-46b8-9143-aae3423b448a
2025-05-28 00:41:44,132 Sent event 334: 27ed3bb9-6665-4732-b975-91d5dbe3ea78
2025-05-28 00:41:44,146 Sent event 335: bf216ae9-3a17-4fc6-9759-e49e6ece8aa6
2025-05-28 00:41:44,159 Sent event 336: 5d1434e9-24c0-401d-968d-766323ce1bac
2025-05-28 00:41:44,171 Sent event 337: 9b91cd72-36d7-4ffd-9fd4-5247522b5766
2025-05-28 00:41:44,183 Sent event 338: 40d0682f-8d8d-43b5-8b77-72bf838e4ed1
2025-05-28 00:41:44,196 Sent event 339: 200e8dfa-32c3-46d4-b62d-0d610b49f395
2025-05-28 00:41:44,209 Sent event 340: 3f453f10-927a-4b3c-a767-66b57f663120
2025-05-28 00:41:44,224 Sent event 341: def78893-2b43-4515-90b0-2a2e283e165e
2025-05-28 00:41:44,237 Sent event 342: 66878c1c-e803-49ef-a2e7-27fe9e4306aa
2025-05-28 00:41:44,249 Sent event 343: 7a09a1dd-9bc4-4bb1-9577-ac536bc70ff6
2025-05-28 00:41:44,267 Sent event 344: 0e5ff2bc-3ae8-4118-a20f-33aa8897945d
2025-05-28 00:41:44,280 Sent event 345: 8c7ee532-a711-491e-aa78-8a1773b82fb0
2025-05-28 00:41:44,294 Sent event 346: d1b05dc8-ef6b-48ce-b66b-ecca33416152
2025-05-28 00:41:44,308 Sent event 347: 79128f77-0110-4b1c-a93d-98ed9e56f83f
2025-05-28 00:41:44,321 Sent event 348: 95ba5883-aadc-434f-a998-dc786fc73751
2025-05-28 00:41:44,334 Sent event 349: fb5f9282-6264-4fce-b78b-628ad692d3d0
2025-05-28 00:41:44,348 Sent event 350: 3863837f-1af1-45d0-9709-103272afc152
2025-05-28 00:41:44,362 Sent event 351: dc892ded-42ae-43a0-979d-17dfb3227068
2025-05-28 00:41:44,375 Sent event 352: 6697d792-dad1-44b1-aa94-1296f1d6176e
2025-05-28 00:41:44,389 Sent event 353: 7eef8837-f4b1-418e-a98a-870ac54122f2
2025-05-28 00:41:44,401 Sent event 354: 4e466a71-e1fc-401f-b222-4ee10d7ae64e
2025-05-28 00:41:44,415 Sent event 355: 023576c8-7a63-465c-8ca2-bba5ff63355f
2025-05-28 00:41:44,433 Sent event 356: 199d78f6-3c66-4dd8-9036-e12a83f4aa4a
2025-05-28 00:41:44,446 Sent event 357: b06fdb76-176f-4405-814e-10d090bd76b6
2025-05-28 00:41:44,459 Sent event 358: 208b2b6a-066a-4a90-9eba-4e329070d775
2025-05-28 00:41:44,475 Sent event 359: 92cf72d6-5ab2-4e9b-bc07-d45b01ff51dd
2025-05-28 00:41:44,488 Sent event 360: ddd91306-fa11-43fa-829a-5e7cc561119b
2025-05-28 00:41:44,502 Sent event 361: a3428867-b475-43ed-8111-9c78c269c184
2025-05-28 00:41:44,516 Sent event 362: 64f523a1-dc77-409a-afae-60428f6404df
2025-05-28 00:41:44,529 Sent event 363: 3ae0f4b0-aff2-4ce7-954b-5edb48fae897
2025-05-28 00:41:44,542 Sent event 364: 054109a6-fefd-41e5-8445-72493de2e7e6
2025-05-28 00:41:44,556 Sent event 365: 09b9d450-21bd-454a-b53a-7adb855e30a6
2025-05-28 00:41:44,569 Sent event 366: b079d8b3-7e26-47e7-a87a-68b090330bf9
2025-05-28 00:41:44,583 Sent event 367: 274053a4-d119-49e7-af17-3adf7f4b62eb
2025-05-28 00:41:44,601 Sent event 368: 50bc8f18-b14d-4665-a12f-eece037d244f
2025-05-28 00:41:44,616 Sent event 369: 4f811969-b7d3-41c2-86d9-00bbfe2aecaa
2025-05-28 00:41:44,629 Sent event 370: 5d692af3-5ef4-4770-a878-fb0a001a4c00
2025-05-28 00:41:44,641 Sent event 371: ea2814af-53ef-4004-937f-3f86077f782a
2025-05-28 00:41:44,654 Sent event 372: 34a69b34-1c50-4daf-9b7e-afc55f0da877
2025-05-28 00:41:44,666 Sent event 373: 8744280f-7c73-46ae-9d37-c6a6ce410074
2025-05-28 00:41:44,678 Sent event 374: ce327171-8ace-43bc-9612-27bd340d1318
2025-05-28 00:41:44,691 Sent event 375: c4a81869-054f-4e20-a67e-1cb4a59ecbfd
2025-05-28 00:41:44,703 Sent event 376: 066bfd9b-b0b5-4a87-a7fd-7546b99d083c
2025-05-28 00:41:44,716 Sent event 377: ad12eb7b-af8c-47f3-9f78-bfbdd6a36c28
2025-05-28 00:41:44,728 Sent event 378: 6adbadf5-bf39-4c3b-8433-e5b2f5fc3c7d
2025-05-28 00:41:44,740 Sent event 379: 28083f47-e712-40a7-9033-d51c60d8c74a
2025-05-28 00:41:44,751 Sent event 380: 4e57bcc6-ea41-4506-b586-f1f4fb3c36a5
2025-05-28 00:41:44,765 Sent event 381: 18187716-fc30-4859-9478-f9199270e02d
2025-05-28 00:41:44,777 Sent event 382: e842f899-591a-4e36-9055-659b25d25c4c
2025-05-28 00:41:44,789 Sent event 383: e21422c3-e435-4d0a-adae-d7f5fd27b5f1
2025-05-28 00:41:44,800 Sent event 384: 63330dc3-47f1-47c0-8c90-2f8f16c5cdb7
2025-05-28 00:41:44,812 Sent event 385: 227dffe4-3368-4747-9959-e21793ece6d4
2025-05-28 00:41:44,824 Sent event 386: 053c5d56-d43b-41db-8d2e-59510822db9b
2025-05-28 00:41:44,836 Sent event 387: e225fcef-1013-4099-b216-e29c14365680
2025-05-28 00:41:44,848 Sent event 388: 2a989332-0741-472c-be55-c398029fb5db
2025-05-28 00:41:44,860 Sent event 389: aa0fb2d5-26e7-4e58-950f-d9f3653f1f3a
2025-05-28 00:41:44,872 Sent event 390: 0d2e5f47-8ee8-4020-8b63-e43978a5f4d3
2025-05-28 00:41:44,885 Sent event 391: 9d3fc312-e5e5-4201-9b1d-4899135407a3
2025-05-28 00:41:44,899 Sent event 392: b6456a6e-b6bc-4356-87b1-deea5fee9cbc
2025-05-28 00:41:44,911 Sent event 393: 05d257c2-63ba-453e-b2bc-5358672aaed4
2025-05-28 00:41:44,924 Sent event 394: 2907965f-a739-477f-9f8e-980a0e40ef18
2025-05-28 00:41:44,937 Sent event 395: a05ae59e-3347-4aeb-8156-3dde181c15d2
2025-05-28 00:41:44,950 Sent event 396: 77e5bada-e248-4f46-ac90-8a40a3cb114d
2025-05-28 00:41:44,963 Sent event 397: 88829f92-2abc-4d15-bb79-29e791181653
2025-05-28 00:41:44,976 Sent event 398: be7dcf14-454c-43be-9d54-78c07a23ac15
2025-05-28 00:41:44,989 Sent event 399: 25dbf535-beb7-42b9-b5b8-df0504ba3e5f
2025-05-28 00:41:45,002 Sent event 400: fd7955e9-4a5f-48e1-9189-a17f66d4ddac
2025-05-28 00:41:45,016 Sent event 401: ebb9c4c7-ec7c-4825-8eb2-9fa27ba98616
2025-05-28 00:41:45,029 Sent event 402: 13a2010d-5069-48fe-8c56-a9f3642dd93b
2025-05-28 00:41:45,042 Sent event 403: c8e725de-b42a-47bc-80cd-89d8879f20e7
2025-05-28 00:41:45,056 Sent event 404: 2628a710-3656-4ec4-b6e7-8d8593e86159
2025-05-28 00:41:45,068 Sent event 405: 5547c1ce-bc80-479b-8511-2e7f64a02a84
2025-05-28 00:41:45,081 Sent event 406: aa7647b8-1cc1-4877-97f7-029c5f4f2ac2
2025-05-28 00:41:45,096 Sent event 407: 96e9d8d0-e309-4ef4-8324-33c7e09e432b
2025-05-28 00:41:45,110 Sent event 408: 00b3cb8f-7b13-42b7-98a5-1151e7b1d6aa
2025-05-28 00:41:45,125 Sent event 409: 1ca6daab-d611-4504-822b-7192a7404b15
2025-05-28 00:41:45,139 Sent event 410: 43791ac0-9d82-430b-b4a1-cc9b7cc41e3d
2025-05-28 00:41:45,153 Sent event 411: c02c1712-a16a-4dfa-96a4-1d3a0ebe4743
2025-05-28 00:41:45,165 Sent event 412: 3eebeb0c-05c0-482c-8be7-3045d94ab0f3
2025-05-28 00:41:45,178 Sent event 413: 752f1713-19aa-4c28-b4aa-3f83c802ecfd
2025-05-28 00:41:45,191 Sent event 414: 71e58b71-b5a4-43c5-9737-d46ef5a57cb5
2025-05-28 00:41:45,203 Sent event 415: 7005bf15-8fe4-4ce8-a3eb-a2aabe811325
2025-05-28 00:41:45,216 Sent event 416: 55523e88-199b-4bba-a84a-1b24013af50c
2025-05-28 00:41:45,228 Sent event 417: 5704b9b1-abfb-4a4e-9de8-c84a7e2fb409
2025-05-28 00:41:45,241 Sent event 418: 0cc81870-50bc-4acb-9175-eb6b68b736b4
2025-05-28 00:41:45,253 Sent event 419: be5e1b0c-c2eb-4bfa-96d2-c7c32406bba9
2025-05-28 00:41:45,265 Sent event 420: b23b0429-8ad3-4cdd-b2ec-e4af7e894c59
2025-05-28 00:41:45,278 Sent event 421: bf859f3c-c30f-4527-a49d-5be38dac17ef
2025-05-28 00:41:45,290 Sent event 422: e7cd94a6-4993-4f0d-8038-6a30e07853c6
2025-05-28 00:41:45,304 Sent event 423: df554b26-9a9b-424c-b67c-6f2ef3eb7a52
2025-05-28 00:41:45,317 Sent event 424: 62926d25-b762-4e7f-ac92-aa32789ada12
2025-05-28 00:41:45,330 Sent event 425: c9b1e93f-e9d8-4dba-a33e-39ed0fdaeed1
2025-05-28 00:41:45,343 Sent event 426: b30085a7-381e-40bb-9843-7a4d94353a4e
2025-05-28 00:41:45,355 Sent event 427: e2fa86e0-147e-4137-89b4-e0ca73f77f39
2025-05-28 00:41:45,367 Sent event 428: f07564f4-c0a8-4359-a0b6-e481cabba30a
2025-05-28 00:41:45,379 Sent event 429: f86479be-06bf-40bc-b342-4b71359cb82d
2025-05-28 00:41:45,392 Sent event 430: 5c6f3006-32fb-4467-9299-89f9433438b1
2025-05-28 00:41:45,406 Sent event 431: f94ab11d-80ed-402a-b7b3-377b5f068591
2025-05-28 00:41:45,419 Sent event 432: 3ff1fa99-17b7-49d6-aaf8-feebbe97b6e9
2025-05-28 00:41:45,432 Sent event 433: 95002c4c-f5b4-49c0-8dc4-48149104c0e8
2025-05-28 00:41:45,445 Sent event 434: 5ee87ae8-d435-4c0a-8a00-740e3b25d3cc
2025-05-28 00:41:45,458 Sent event 435: 0df8ca42-3c17-436f-be40-537aa2a8c0e9
2025-05-28 00:41:45,472 Sent event 436: 1d23d77f-d243-49fc-9176-93577fa98fb1
2025-05-28 00:41:45,485 Sent event 437: 300a8af7-3ac8-444f-b755-d26f5fb89d96
2025-05-28 00:41:45,501 Sent event 438: 49e7208b-3de2-4839-a853-2cf6bc044fa2
2025-05-28 00:41:45,515 Sent event 439: ea4b7fd4-fe2e-4d63-87a8-1cbd1323df4d
2025-05-28 00:41:45,529 Sent event 440: c455f141-531b-44fe-8e06-44fa0610c777
2025-05-28 00:41:45,544 Sent event 441: f64ee579-ec80-44a0-985e-092d05e7afdb
2025-05-28 00:41:45,558 Sent event 442: ccf7b44a-2df1-4101-b33a-bdd84aa81854
2025-05-28 00:41:45,571 Sent event 443: 1666f6a1-0b9e-447d-a7be-a3cae068ffb5
2025-05-28 00:41:45,586 Sent event 444: 2161c14b-3dcf-4e74-92a1-59b850da2d33
2025-05-28 00:41:45,599 Sent event 445: 2e9de9d5-fabd-4755-96a5-31a8a97cbbb2
2025-05-28 00:41:45,612 Sent event 446: 0c665d63-001d-4a3a-ba53-cdac54ba466d
2025-05-28 00:41:45,630 Sent event 447: e6be63f1-204a-4fcd-8523-26b870b1fa71
2025-05-28 00:41:45,645 Sent event 448: 0069a858-6ee8-4052-a129-af117021c2a5
2025-05-28 00:41:45,662 Sent event 449: 48bacc90-89a8-4a9f-8598-aff5269d5501
2025-05-28 00:41:45,676 Sent event 450: d763e2ab-a8b4-45f5-889a-dabb5c154e0e
2025-05-28 00:41:45,691 Sent event 451: cc291ae3-1c86-4f63-a4e4-e133628b584b
2025-05-28 00:41:45,708 Sent event 452: 1f633232-a992-4a03-9e76-c326bdf1ad01
2025-05-28 00:41:45,722 Sent event 453: 843d29ed-f0ec-4808-ade3-b92257f979d5
2025-05-28 00:41:45,734 Sent event 454: d90f434f-c401-4582-9d91-e10f7fc0c778
2025-05-28 00:41:45,747 Sent event 455: ba7e3aa1-8a70-4cf8-9a55-5d6ec670791d
2025-05-28 00:41:45,763 Sent event 456: 1646b37c-500e-48fa-82d5-8126bff76190
2025-05-28 00:41:45,776 Sent event 457: 022a2405-f23a-434c-a838-6b157aea83cc
2025-05-28 00:41:45,789 Sent event 458: a6d95d1f-e8eb-4cb2-bfd8-d6a62256b4b0
2025-05-28 00:41:45,804 Sent event 459: f257ce54-e8b1-4045-adb2-1dcc178f07af
2025-05-28 00:41:45,819 Sent event 460: 80a6acec-39d5-4e4a-82bb-2385059002d6
2025-05-28 00:41:45,836 Sent event 461: 5cec47ab-96cb-4391-863a-44ff1417387c
2025-05-28 00:41:45,853 Sent event 462: 84a9b6ee-bf1a-4d37-b8ab-2668053fe679
2025-05-28 00:41:45,866 Sent event 463: fc330442-4957-40fd-8480-4133cc8bb871
2025-05-28 00:41:45,879 Sent event 464: 8594f249-47b7-4869-8b83-cb812362f026
2025-05-28 00:41:45,892 Sent event 465: 99286046-840d-43d1-878c-9c79b5fe8b7c
2025-05-28 00:41:45,908 Sent event 466: 107740c2-0f07-40e2-a85e-cd6903bdb915
2025-05-28 00:41:45,921 Sent event 467: e35a47cf-3e0b-4ff0-be6e-318320648c7f
2025-05-28 00:41:45,935 Sent event 468: 79455657-dc61-4b3b-8b0a-4118e4b3d5d3
2025-05-28 00:41:45,949 Sent event 469: 6c54e9f1-f977-46b2-967a-21aa18e48e4b
2025-05-28 00:41:45,961 Sent event 470: 57ca0678-30f8-4c3b-90c4-b4cacf1c39b1
2025-05-28 00:41:45,975 Sent event 471: 9c98131b-cd78-4913-b9ff-cf327a234ffc
2025-05-28 00:41:45,987 Sent event 472: c4c8a30e-c15b-4537-b19d-e1410c345778
2025-05-28 00:41:46,000 Sent event 473: b1db8d4e-63cd-4eb4-9117-153da1b9b846
2025-05-28 00:41:46,015 Sent event 474: 8e761597-0a8e-4d9f-8446-920b8a2a1f63
2025-05-28 00:41:46,028 Sent event 475: a0dea8c5-b485-48d7-b722-8e5bf7f5fbe6
2025-05-28 00:41:46,043 Sent event 476: 130cf963-7031-4b04-90fd-88ba1d14d3da
2025-05-28 00:41:46,087 Sent event 477: b3b3b29f-d7c3-4e2e-b2f5-f7ed2839860b
2025-05-28 00:41:46,112 Sent event 478: 0270d4de-9576-4cf0-b788-3d58097ea685
2025-05-28 00:41:46,126 Sent event 479: 7d5e6e15-91cf-4d43-a2c8-36a835e927a6
2025-05-28 00:41:46,141 Sent event 480: c935bb00-c17e-433b-ac57-d35abce46deb
2025-05-28 00:41:46,154 Sent event 481: dcad616a-fe71-474c-ab0b-bfffa43414fb
2025-05-28 00:41:46,168 Sent event 482: 5a6ea1f6-53e0-47d9-a432-2950ccfc747f
2025-05-28 00:41:46,181 Sent event 483: b837cf8b-ee6f-4bcf-a769-3340968dbcae
2025-05-28 00:41:46,194 Sent event 484: 35fcd50e-4e7b-426c-bda5-7aa0d4f780b0
2025-05-28 00:41:46,206 Sent event 485: 11e715c0-b235-46c7-9803-490911cdea22
2025-05-28 00:41:46,220 Sent event 486: 0b320459-3d80-430c-a7f1-e1da8af7b2a1
2025-05-28 00:41:46,235 Sent event 487: 6aa757a6-18d8-4063-a756-cad4c29fa635
2025-05-28 00:41:46,247 Sent event 488: 21b647ed-95cc-4d56-80f3-aa587a91ca48
2025-05-28 00:41:46,259 Sent event 489: 2d026dd3-c87e-47c1-aa6f-6fc13b53aabd
2025-05-28 00:41:46,272 Sent event 490: 4161fdc5-c84e-4f49-805f-8c7b94a0f1dc
2025-05-28 00:41:46,284 Sent event 491: df37b9ba-5b5f-43c4-99e8-1e508f225b5a
2025-05-28 00:41:46,297 Sent event 492: 27ea9aa2-e3c6-4e6c-9093-f6fe366f1307
2025-05-28 00:41:46,310 Sent event 493: 16a995f7-136d-4f30-b1dd-78ded97c22b5
2025-05-28 00:41:46,323 Sent event 494: 7f49a09d-a5c8-427d-94a8-ae68f2c0aff1
2025-05-28 00:41:46,338 Sent event 495: f3629040-b8b1-41cb-9580-19e4c6885a33
2025-05-28 00:41:46,351 Sent event 496: 31ab8468-4cf3-4ca6-8e97-6e26d691445c
2025-05-28 00:41:46,375 Sent event 497: f7301b5b-3464-4e5d-96ea-16d35e36e2cb
2025-05-28 00:41:46,391 Sent event 498: 8fbf07e9-bae9-4048-b2ad-a2a24b49d5e7
2025-05-28 00:41:46,411 Sent event 499: 23f4d504-1295-47f9-82f1-d5bd4921cf87
2025-05-28 00:41:46,434 Sent event 500: 2bd2e7f3-4bcb-46a8-ab22-98f55ff09db2
2025-05-28 00:42:42,732 Sent event 1: 3b2c26c0-a727-4ad4-a805-7888941ab4fa
2025-05-28 00:42:42,744 Sent event 2: 01d9a0c3-5b9c-4cd5-b2c7-40dea1550681
2025-05-28 00:42:42,756 Sent event 3: ac9845cd-85d4-40a3-bc3c-f2ea18dee344
2025-05-28 00:42:42,769 Sent event 4: 26c55591-f120-441e-8af2-6dbb57474f22
2025-05-28 00:42:42,781 Sent event 5: 3d609c44-b4c0-4ca9-bfac-9eabb6325c26
2025-05-28 00:42:42,793 Sent event 6: dcc55adb-85c3-493b-a327-d5b96f87cd67
2025-05-28 00:42:42,805 Sent event 7: ea02591c-2652-4cfe-8b0c-a34aaa183e3f
2025-05-28 00:42:42,817 Sent event 8: fb8dfe01-1ddf-4615-b180-9000442a3fd7
2025-05-28 00:42:42,829 Sent event 9: 90c40fe5-ae56-4bde-8370-3145dcc1fb54
2025-05-28 00:42:42,844 Sent event 10: 21c0668c-a217-43e4-ab38-c58e5bd560ba
2025-05-28 00:42:42,857 Sent event 11: d13cf2af-cef6-4422-8903-07797459d00a
2025-05-28 00:42:42,870 Sent event 12: 008bd4d9-46a7-421b-90b9-a6b984425f1d
2025-05-28 00:42:42,883 Sent event 13: 2b8a030f-97f8-4af1-9400-2cfc5e84c016
2025-05-28 00:42:42,896 Sent event 14: eb3d32cd-0f2d-4c73-8920-d88e0a560a9a
2025-05-28 00:42:42,909 Sent event 15: a266cce6-5c22-43e5-b531-953612023b57
2025-05-28 00:42:42,922 Sent event 16: 657c6222-3121-4ae1-8dd4-32215747b693
2025-05-28 00:42:42,934 Sent event 17: 0e3d6e77-eda0-43ad-a7fe-d8f6184ea135
2025-05-28 00:42:42,947 Sent event 18: 0ec5f3e7-2762-4154-af70-34bc2d5cf6c0
2025-05-28 00:42:42,960 Sent event 19: b741fbf8-ee8e-49f1-a9ce-91db40f539d2
2025-05-28 00:42:42,973 Sent event 20: 501ad18c-762a-47db-97bb-dca65a444ff5
2025-05-28 00:42:42,985 Sent event 21: 38946938-998d-4c36-918a-ea7a1a3873fd
2025-05-28 00:42:42,998 Sent event 22: 58e6192a-708a-4d30-b3fb-9a8c385f3cb1
2025-05-28 00:42:43,011 Sent event 23: af19705a-475a-42b9-8a4e-f148c22ffe79
2025-05-28 00:42:43,023 Sent event 24: c1d63307-a04a-4d01-b9b8-0a17a107e53b
2025-05-28 00:42:43,035 Sent event 25: f4cc980a-4728-4e9e-baa9-2026a2571425
2025-05-28 00:42:43,047 Sent event 26: 46092f4a-0a81-4f1f-8d37-ca6d563ea0eb
2025-05-28 00:42:43,060 Sent event 27: d5d4f594-e990-433b-adb2-475e281fc743
2025-05-28 00:42:43,073 Sent event 28: 818af8e4-960f-480b-825b-549ff5712b62
2025-05-28 00:42:43,086 Sent event 29: 18a772d0-de61-4461-98b8-040190a49bc2
2025-05-28 00:42:43,098 Sent event 30: 6d93b874-01e9-4a7c-a062-465fbc7218b4
2025-05-28 00:42:43,111 Sent event 31: 7e3fff66-ec4e-470b-a844-09c8d8f268b6
2025-05-28 00:42:43,126 Sent event 32: d250923f-31d9-4994-85d6-e5abc4e6fdb3
2025-05-28 00:42:43,138 Sent event 33: e5dada04-7a3f-47d5-b0f8-fe95b4e55384
2025-05-28 00:42:43,151 Sent event 34: ffe367b3-b9bb-4afa-81f0-e38edad05209
2025-05-28 00:42:43,163 Sent event 35: 35be1fad-5698-429f-9394-aea3f0797182
2025-05-28 00:42:43,176 Sent event 36: 1c1d4227-bb46-4bf3-8f6d-2b77aa8ef5ab
2025-05-28 00:42:43,189 Sent event 37: 6a752f3e-79f0-43ec-806f-f4548bd9a1e5
2025-05-28 00:42:43,203 Sent event 38: 285bd625-e623-413a-a8b0-588eeb206b42
2025-05-28 00:42:43,215 Sent event 39: 07525600-6ebb-459a-a4ff-3f3dd9cb2f2d
2025-05-28 00:42:43,228 Sent event 40: be582cb9-d583-43ce-912d-8925dad445c0
2025-05-28 00:42:43,241 Sent event 41: 43019a4b-b3a7-4d4f-91f4-fd2a60bc000e
2025-05-28 00:42:43,254 Sent event 42: 5b0eb8de-ad2e-400e-ae07-6c1abebba137
2025-05-28 00:42:43,267 Sent event 43: 84ee4a2a-2213-459f-aa71-a9b179c00cfb
2025-05-28 00:42:43,280 Sent event 44: 23d4d4c8-f57d-445a-b0ec-b5bdc99b2278
2025-05-28 00:42:43,293 Sent event 45: 577c3f63-13b8-4a14-8012-500c4d12a930
2025-05-28 00:42:43,306 Sent event 46: 28c812d1-f280-43e7-8bfe-e666c22f101e
2025-05-28 00:42:43,318 Sent event 47: f5177105-bb4d-4af9-a6ac-c3e964848911
2025-05-28 00:42:43,331 Sent event 48: 2c92f69f-6c44-4941-9b4d-52dc37a8025e
2025-05-28 00:42:43,343 Sent event 49: 1dd98590-363f-49aa-8df3-da27787f72d2
2025-05-28 00:42:43,355 Sent event 50: d6f94933-115f-49b1-a4db-61dafaacceaa
2025-05-28 00:42:43,368 Sent event 51: c51ce5be-4c57-4e59-9c4d-5180e00cbe75
2025-05-28 00:42:43,380 Sent event 52: ccc67e54-574f-4990-8f48-336dcb790d1e
2025-05-28 00:42:43,393 Sent event 53: 1e4f6032-31a8-475c-9158-7daab64e60bc
2025-05-28 00:42:43,405 Sent event 54: 16da5338-429b-46f5-9c81-f17ca33e3d6e
2025-05-28 00:42:43,418 Sent event 55: c47ff6ea-b3a8-4d47-9517-ec0b5f0a9208
2025-05-28 00:42:43,431 Sent event 56: e95120a3-c8ca-4669-a1d5-82db64d9af69
2025-05-28 00:42:43,444 Sent event 57: 550e4e10-235d-43ef-88ac-91302128226c
2025-05-28 00:42:43,457 Sent event 58: 8f0306d4-9567-435c-806e-989cac7523f4
2025-05-28 00:42:43,470 Sent event 59: 493eff83-4561-428c-b201-8a67924016ed
2025-05-28 00:42:43,483 Sent event 60: 0c86b194-06d0-4d1c-9176-e36d716b8c2a
2025-05-28 00:42:43,496 Sent event 61: 16b5176b-1d15-48b9-bce4-25de02fd3008
2025-05-28 00:42:43,509 Sent event 62: cbf3d553-488e-4a3c-9a4e-f59fbf40c4d8
2025-05-28 00:42:43,522 Sent event 63: cba14fb1-8c1d-4244-86bb-32ee6b883fce
2025-05-28 00:42:43,535 Sent event 64: 7e07a64e-9d6f-4185-9c8f-b1b9bfbba028
2025-05-28 00:42:43,547 Sent event 65: 9bb6a555-988f-4f6b-ade5-65add3d4c336
2025-05-28 00:42:43,560 Sent event 66: 925e6e2e-aa48-4336-9d56-6741c078dade
2025-05-28 00:42:43,576 Sent event 67: 80cd606b-31d0-4962-82ae-43570f0b3c88
2025-05-28 00:42:43,589 Sent event 68: 861348f8-5fe0-4824-a7f3-36555139b995
2025-05-28 00:42:43,602 Sent event 69: 5796b47c-b7b1-4f21-b7a6-5ed3e58570c8
2025-05-28 00:42:43,617 Sent event 70: d727a101-8f36-4083-ae76-3308f4a934b6
2025-05-28 00:42:43,631 Sent event 71: fdb0bd9e-8c9a-4482-822e-079859bece1e
2025-05-28 00:42:43,644 Sent event 72: 55333d41-14b1-4e0b-aac5-b5576e022b28
2025-05-28 00:42:43,657 Sent event 73: bf4859cc-8a2c-4710-9161-e5ab33763f48
2025-05-28 00:42:43,669 Sent event 74: 811df69f-12ed-4d91-a74f-d8ec4531197d
2025-05-28 00:42:43,682 Sent event 75: d186278c-5c11-4645-b960-408f2fcd74bd
2025-05-28 00:42:43,696 Sent event 76: 7f46114a-65e4-440b-bc87-febd0ef5daf6
2025-05-28 00:42:43,709 Sent event 77: 484aaed2-dfb3-474a-a110-1b2738b6e1e1
2025-05-28 00:42:43,721 Sent event 78: ebac2369-a6ca-4f6e-b588-b025631254dc
2025-05-28 00:42:43,734 Sent event 79: c39794e9-8730-4101-b75a-0734832a5d88
2025-05-28 00:42:43,746 Sent event 80: 681bd445-af42-4860-b29e-666b527c6eec
2025-05-28 00:42:43,760 Sent event 81: b8376595-5298-42cd-9e16-8057c8f81fdb
2025-05-28 00:42:43,773 Sent event 82: 132c17d8-8c5d-46cf-9f6d-7c78dd1d4586
2025-05-28 00:42:43,785 Sent event 83: d35a57cf-32cc-4897-b33f-c08ff3b3ba68
2025-05-28 00:42:43,797 Sent event 84: 425ee1d1-fcb8-4e88-942a-d5f9cb66e654
2025-05-28 00:42:43,810 Sent event 85: 95892da1-e893-4ee2-b3c3-89a63fb63aa3
2025-05-28 00:42:43,822 Sent event 86: 9f454545-2c20-4b71-8c32-8431aadb2640
2025-05-28 00:42:43,834 Sent event 87: a2595220-5e84-40d1-a580-23f87402054c
2025-05-28 00:42:43,847 Sent event 88: d00d8995-5a3c-4477-b969-db30ace98152
2025-05-28 00:42:43,859 Sent event 89: 4b186dc2-aa55-4530-924b-d1e83ca7f7c8
2025-05-28 00:42:43,870 Sent event 90: 7e1b2eab-7593-4dd7-846f-b158cc80a85e
2025-05-28 00:42:43,882 Sent event 91: d0149b1b-f5e9-44e4-95df-485984027e49
2025-05-28 00:42:43,896 Sent event 92: 7e323963-fffb-4cc6-8956-e92267fce24c
2025-05-28 00:42:43,909 Sent event 93: 709e52ed-5b1e-4d11-9ccc-3e06588f69e7
2025-05-28 00:42:43,921 Sent event 94: 11c15324-d67b-4ec3-8028-22f6257769da
2025-05-28 00:42:43,934 Sent event 95: 29f1fe75-2f5c-4aaa-add7-eeadd31e8ba4
2025-05-28 00:42:43,947 Sent event 96: e5f8c9db-73d1-444b-8dc2-a422f5060bee
2025-05-28 00:42:43,965 Sent event 97: 8bf33175-1167-4407-a116-5a0e34a46eb1
2025-05-28 00:42:43,978 Sent event 98: e4bdeb78-9865-4e7b-b98b-2f83b763d5a6
2025-05-28 00:42:43,990 Sent event 99: 8b297ba5-4ae8-4fcd-a48b-896f8580d92d
2025-05-28 00:42:44,005 Sent event 100: 049d4b47-8aaa-429d-bc5c-30ad97402a40
2025-05-28 00:42:44,018 Sent event 101: 63c7f207-bbaf-4a2f-8984-e44132c35030
2025-05-28 00:42:44,030 Sent event 102: 00a68f8b-87b6-46b5-ae11-b93f53b5a84d
2025-05-28 00:42:44,042 Sent event 103: 01d63b97-699c-456c-b6a8-ad343f702198
2025-05-28 00:42:44,056 Sent event 104: e6f69a89-cdfd-4cac-84d4-8a1d905b7909
2025-05-28 00:42:44,069 Sent event 105: 4f81eca2-6e2b-4699-bce1-b2f3a2d21409
2025-05-28 00:42:44,082 Sent event 106: bb18971a-86c9-42ca-a4ce-a348e5c5f280
2025-05-28 00:42:44,094 Sent event 107: abf200d7-2fbc-4649-8fcb-5cc795e7fddc
2025-05-28 00:42:44,107 Sent event 108: fa884abd-57e1-44bb-a684-bd52bda5a5ab
2025-05-28 00:42:44,121 Sent event 109: 36e05324-5b9e-4ac9-b393-6437cd798878
2025-05-28 00:42:44,134 Sent event 110: b7442d9a-333b-4dd9-ae67-9ccec4db3fad
2025-05-28 00:42:44,146 Sent event 111: 00b21ed7-f952-43ba-81ec-e0e9c186b109
2025-05-28 00:42:44,161 Sent event 112: 8b0822a4-1644-461f-8bd5-36a829e1fd13
2025-05-28 00:42:44,173 Sent event 113: 4a927251-1d4e-4343-93cb-6fbb273cc0a7
2025-05-28 00:42:44,185 Sent event 114: 09e1dce2-b3ba-4a11-97e2-ade9f8797be7
2025-05-28 00:42:44,197 Sent event 115: a9c7471d-b02c-4a3f-9730-2fcdccc3c1ae
2025-05-28 00:42:44,210 Sent event 116: e3f0468d-6d5d-4462-8254-ef7684de5608
2025-05-28 00:42:44,222 Sent event 117: e62c53d4-0044-4b45-9aad-b72298960f32
2025-05-28 00:42:44,234 Sent event 118: b9e3621a-448c-4548-8b58-6846bcfae5d6
2025-05-28 00:42:44,246 Sent event 119: c5d2c7c3-9eb6-4c52-b5cc-117208a65a1d
2025-05-28 00:42:44,258 Sent event 120: c0854b10-0ef0-4e11-b444-6ce176602441
2025-05-28 00:42:44,271 Sent event 121: 60034d30-5dcd-40c9-85e7-fe859110d12f
2025-05-28 00:42:44,284 Sent event 122: 8ec304fc-8cff-4cd1-890e-c4b8b804ba3d
2025-05-28 00:42:44,297 Sent event 123: e21a112e-9fac-40a5-8f4c-2a3323e27705
2025-05-28 00:42:44,310 Sent event 124: 84ec2644-fb93-48f2-995d-58fadc8028fa
2025-05-28 00:42:44,326 Sent event 125: 674b33c3-1a19-423d-a027-52521a5addff
2025-05-28 00:42:44,340 Sent event 126: 41d75d9f-a1e4-499b-a594-ef8e2bf45be9
2025-05-28 00:42:44,354 Sent event 127: e195c429-5890-4bc0-95bc-649864fd7276
2025-05-28 00:42:44,368 Sent event 128: eba5be91-9085-489c-97cb-214091f48f91
2025-05-28 00:42:44,382 Sent event 129: 249f0feb-6166-4c25-9569-87c90a0562d6
2025-05-28 00:42:44,396 Sent event 130: 28253dfb-d848-4013-bbf3-f55ff51048c3
2025-05-28 00:42:44,410 Sent event 131: 87e37e17-4989-41c9-bdd2-716b4b0f13ea
2025-05-28 00:42:44,422 Sent event 132: f2f20da8-2931-44f8-aeba-60c035526c01
2025-05-28 00:42:44,437 Sent event 133: 088d7835-05e9-4c45-ac21-5100aaa121e6
2025-05-28 00:42:44,449 Sent event 134: 5d8bc065-64d8-4fef-a0f3-ac59fb5b51d3
2025-05-28 00:42:44,461 Sent event 135: 462ffecd-3efc-4390-be9b-34b85381f80e
2025-05-28 00:42:44,473 Sent event 136: f9b676b5-a97d-4eae-b828-3d579b10b0dd
2025-05-28 00:42:44,486 Sent event 137: 401dff56-b7b5-4798-aad9-b98f92d388ee
2025-05-28 00:42:44,498 Sent event 138: 086e2058-1bdb-4c33-be94-9f096f973f57
2025-05-28 00:42:44,510 Sent event 139: 9b94f3dd-b3ea-4301-a8cd-d73692270179
2025-05-28 00:42:44,522 Sent event 140: 1015bb1a-951a-4fb4-ad3f-da3ca397bef0
2025-05-28 00:42:44,534 Sent event 141: ef534b92-2bdd-42f3-8049-4f8d2f9569dc
2025-05-28 00:42:44,546 Sent event 142: 953a19c9-9fac-4758-a123-a1499f0393d5
2025-05-28 00:42:44,558 Sent event 143: 609585e6-c579-40f0-a7eb-8485fc978756
2025-05-28 00:42:44,569 Sent event 144: 9e5a6b4e-47f9-4501-8cd8-54068a6aa92f
2025-05-28 00:42:44,582 Sent event 145: 5a0094dd-49fe-423d-9952-85f84a05033f
2025-05-28 00:42:44,596 Sent event 146: 60d63592-ef61-4f83-8ede-9aa9f6bbde1b
2025-05-28 00:42:44,608 Sent event 147: 745a7805-ff52-4704-879a-0de46cda27de
2025-05-28 00:42:44,621 Sent event 148: ef064492-5eda-4f28-8224-bc1dcea4ef02
2025-05-28 00:42:44,633 Sent event 149: a7fdb631-3093-42d6-8a2a-68d03ca71bae
2025-05-28 00:42:44,646 Sent event 150: 6c50629c-6a73-4f14-aa52-eea805f9a8af
2025-05-28 00:42:44,658 Sent event 151: b3e7eb74-d00b-47ab-aa05-bdd916e6695d
2025-05-28 00:42:44,670 Sent event 152: 239e135f-e989-4399-8e14-0457ba83ed3b
2025-05-28 00:42:44,683 Sent event 153: f4170f2b-6481-4c94-b503-69cf0290de0e
2025-05-28 00:42:44,696 Sent event 154: 3c623922-b422-49d9-872c-8e3d245b71b1
2025-05-28 00:42:44,708 Sent event 155: ac56ef02-78eb-4f2d-b7d2-b4831adf2b2e
2025-05-28 00:42:44,721 Sent event 156: 2b40392b-b228-435d-8251-9779f1d8b4be
2025-05-28 00:42:44,735 Sent event 157: 04cc1ca3-3bd0-4fe5-8905-d3e54f6d9e11
2025-05-28 00:42:44,748 Sent event 158: a4e89bdc-9eae-44d2-8b29-f7d863514166
2025-05-28 00:42:44,761 Sent event 159: 6f6b3d94-8e6a-4d24-b4a7-3e013438302c
2025-05-28 00:42:44,774 Sent event 160: 61c22aed-236b-46db-b475-ce4d7d23dae2
2025-05-28 00:42:44,788 Sent event 161: 6b2075cc-08a5-43b2-bfa2-25ae1c74a97c
2025-05-28 00:42:44,801 Sent event 162: 6962d355-fee0-48c1-9c02-821a4fb3c6c5
2025-05-28 00:42:44,814 Sent event 163: 82db9881-91dc-4dee-89a8-d6459533582b
2025-05-28 00:42:44,828 Sent event 164: 5b246a0e-4980-489e-8d11-0b9093f3933c
2025-05-28 00:42:44,841 Sent event 165: 2c68c502-ff5a-42ff-891d-4d0f56716093
2025-05-28 00:42:44,857 Sent event 166: 87ae1e2d-1e8e-400e-a081-9f215eaf5759
2025-05-28 00:42:44,870 Sent event 167: 8f78843f-eb9e-48f2-940a-a1fa40f5b6e5
2025-05-28 00:42:44,885 Sent event 168: e2de1ef9-0bcf-4a76-b5fd-c4248ec11331
2025-05-28 00:42:44,899 Sent event 169: 6f6d890c-15fc-4a72-a082-f916393af594
2025-05-28 00:42:44,913 Sent event 170: 85e54a3c-aa59-4824-9ee0-0515a3de04c7
2025-05-28 00:42:44,926 Sent event 171: 5bdb874a-7e8e-4051-8c98-884fe442adfa
2025-05-28 00:42:44,942 Sent event 172: 3e299e4c-76a6-4f82-ab7c-901078c2a6dd
2025-05-28 00:42:44,955 Sent event 173: dd4cf28e-bbf7-45ed-b99b-1eac078dc1af
2025-05-28 00:42:44,969 Sent event 174: c52a6c49-5d7f-4b2b-be66-2671c01b31b3
2025-05-28 00:42:44,982 Sent event 175: 9d2861e8-3bd3-4aa4-a5b5-2d15cb94efa1
2025-05-28 00:42:44,996 Sent event 176: fd03899f-edbd-4379-9610-5948553366b7
2025-05-28 00:42:45,008 Sent event 177: 9b0a6039-cda1-4e62-b9c2-fef1866694d2
2025-05-28 00:42:45,022 Sent event 178: a4042c5b-29f4-4c91-83e4-be0d5263ea29
2025-05-28 00:42:45,036 Sent event 179: f7d38ca9-cbf0-4e29-8066-8d931f769a03
2025-05-28 00:42:45,051 Sent event 180: 3eba9a94-45f8-42e2-80ef-8385158fffd2
2025-05-28 00:42:45,064 Sent event 181: 400fd532-75bb-47fb-acb5-abbaf275c018
2025-05-28 00:42:45,077 Sent event 182: 7583e81f-95c2-473e-83f8-9a5842dbd52d
2025-05-28 00:42:45,090 Sent event 183: 1d90add6-9dcd-450e-8618-07bec6695a36
2025-05-28 00:42:45,108 Sent event 184: e18bd98b-ed10-4cb7-a5de-4b23828665b1
2025-05-28 00:42:45,123 Sent event 185: 15d86194-7746-4200-ac16-1f500ca93395
2025-05-28 00:42:45,137 Sent event 186: 179d3645-e7ad-4f43-95d6-5e2cfa6f04b6
2025-05-28 00:42:45,150 Sent event 187: 534b30db-ede3-45af-8c84-9f76d6950798
2025-05-28 00:42:45,162 Sent event 188: df2b46a6-bbbf-494c-89f7-b9a538f29f2d
2025-05-28 00:42:45,174 Sent event 189: 26dd87d6-2810-4a25-9d79-2ac2cae9aa80
2025-05-28 00:42:45,186 Sent event 190: 0e23bd13-3cd9-4040-bb1b-e5b17ca2607d
2025-05-28 00:42:45,197 Sent event 191: be2ec3f6-16bb-467d-b641-392fb7cac517
2025-05-28 00:42:45,209 Sent event 192: 6643d537-9bf3-4bdf-b332-5f156c4e80c9
2025-05-28 00:42:45,222 Sent event 193: 4f7e8457-a7d5-41ba-b4b7-17c29c9ee51d
2025-05-28 00:42:45,233 Sent event 194: d1d674e5-8a78-4553-9d07-80fcb9db4326
2025-05-28 00:42:45,245 Sent event 195: 5c5c5a6f-a2d4-4839-a2a3-720dd9c2a4cf
2025-05-28 00:42:45,257 Sent event 196: fa896243-09c1-433f-b659-3bec0b4b538f
2025-05-28 00:42:45,269 Sent event 197: 4a75777e-cd96-46df-a57c-f482f7b54e0c
2025-05-28 00:42:45,281 Sent event 198: 5b0f7f3c-9803-4e0b-a700-eece1443481f
2025-05-28 00:42:45,293 Sent event 199: 470e3aa5-5fbb-40aa-9b31-e2df68bd3be2
2025-05-28 00:42:45,305 Sent event 200: edc8bcfb-1110-4536-85ff-47e6d0dd4d5b
2025-05-28 00:42:45,317 Sent event 201: 6f9b58b7-730c-419b-8a73-21d37a3b370c
2025-05-28 00:42:45,329 Sent event 202: 9894b1b4-5441-49df-8742-86beabb8ca4b
2025-05-28 00:42:45,340 Sent event 203: 4f012838-3c7f-47f6-97b2-e2dbeffa8e4d
2025-05-28 00:42:45,352 Sent event 204: 67447f23-b070-4906-9024-123f3181bf6c
2025-05-28 00:42:45,364 Sent event 205: 0deef47b-4de5-4651-92e7-c5f827a3928c
2025-05-28 00:42:45,376 Sent event 206: 11da5236-c32d-4c2e-ab14-60d4c4b9a4fb
2025-05-28 00:42:45,388 Sent event 207: 3b066bdb-fa3d-4ab6-8a6e-5d7e0b4a63c9
2025-05-28 00:42:45,400 Sent event 208: dd9194a5-0288-4739-b36c-71e5f1fb96a6
2025-05-28 00:42:45,412 Sent event 209: af481bf9-1377-4170-b496-763dd8bd4c79
2025-05-28 00:42:45,424 Sent event 210: 90f8f9d0-d105-468d-bdca-6f50c84bea66
2025-05-28 00:42:45,436 Sent event 211: 8c1fca81-8026-43c7-9780-83a9c0ef2d23
2025-05-28 00:42:45,448 Sent event 212: d83dc85e-38f4-4629-98ae-4f7fc34fb9da
2025-05-28 00:42:45,461 Sent event 213: 72e6d0b0-691b-4d4f-88ea-64bc7373ad26
2025-05-28 00:42:45,473 Sent event 214: 2575f35e-4e89-4a3d-badc-ba8bcc7152cd
2025-05-28 00:42:45,485 Sent event 215: ffae7f55-bc27-4e1c-b5cd-28c555a54d42
2025-05-28 00:42:45,498 Sent event 216: 5475f46d-1222-42d7-93d9-8d34f9e9308c
2025-05-28 00:42:45,510 Sent event 217: c2af2d80-e81c-4643-baa1-6009aae21b97
2025-05-28 00:42:45,523 Sent event 218: b79ec277-7790-4edb-9ddf-780fea88c5a3
2025-05-28 00:42:45,535 Sent event 219: c6141399-efcd-4047-8163-fb3f329641c0
2025-05-28 00:42:45,548 Sent event 220: bcd8986a-a598-4997-87bf-e0d338956176
2025-05-28 00:42:45,563 Sent event 221: 396be0cf-7ca5-4fe8-81a5-c88cbe9a63da
2025-05-28 00:42:45,576 Sent event 222: 0b8ce59c-27b4-4a5c-9944-ac81db0ddd5c
2025-05-28 00:42:45,589 Sent event 223: 7c15977a-457f-4d87-8b8c-e0df84d27b35
2025-05-28 00:42:45,602 Sent event 224: d5aad6e9-242e-4b7a-bc2a-4f586bf636e9
2025-05-28 00:42:45,615 Sent event 225: a0a45d57-aa68-46f3-aedd-2919bcf23e5b
2025-05-28 00:42:45,628 Sent event 226: 95a4e9c9-061c-49fa-8df1-4e7354e0ffd6
2025-05-28 00:42:45,643 Sent event 227: d678f0db-f9f5-48d6-bd4f-5cc36651123f
2025-05-28 00:42:45,658 Sent event 228: 1b49d0bd-2ef3-46af-8b30-6988c94a718c
2025-05-28 00:42:45,673 Sent event 229: bed59139-d376-4e86-8c6a-d79c81204f6d
2025-05-28 00:42:45,694 Sent event 230: 7b856ee5-2986-4c0b-9f00-7aa959cfb693
2025-05-28 00:42:45,708 Sent event 231: fe95237a-bc08-44bc-9def-6af84677c50f
2025-05-28 00:42:45,728 Sent event 232: f1ee310f-7150-4d6d-afda-179c4a9061c9
2025-05-28 00:42:45,742 Sent event 233: fe0afc8b-856d-443f-9a17-161962620d8d
2025-05-28 00:42:45,755 Sent event 234: bf87bfef-a54c-41ee-b403-75776366141e
2025-05-28 00:42:45,769 Sent event 235: eccb5ced-c2f6-48ce-85d6-b4cf85c4470e
2025-05-28 00:42:45,782 Sent event 236: 1ee462f9-97e9-4e49-940b-001c1de8d9aa
2025-05-28 00:42:45,795 Sent event 237: bf7363fa-2e37-4514-abf8-faa9161e4c68
2025-05-28 00:42:45,808 Sent event 238: e23ba39d-ab15-43e7-a1f7-b2a23a2341c8
2025-05-28 00:42:45,822 Sent event 239: 9efa4d16-59cd-4bec-8d42-10ebf8ba8dea
2025-05-28 00:42:45,835 Sent event 240: 7864fc3a-47be-4da5-8150-e4541d11b396
2025-05-28 00:42:45,849 Sent event 241: dbad6a65-4c73-4279-b981-f7071b6f2eda
2025-05-28 00:42:45,861 Sent event 242: 8c56eab6-aedf-4177-ab32-3b701cd3e581
2025-05-28 00:42:45,876 Sent event 243: 8b4999f7-b085-4e88-a6bc-7256d67ea218
2025-05-28 00:42:45,888 Sent event 244: 00dccabd-d5fe-4f6c-a489-63b4da606412
2025-05-28 00:42:45,901 Sent event 245: 2dfcaa36-2ff5-4c4d-b704-5b9c726df3f5
2025-05-28 00:42:45,915 Sent event 246: 4f786ca9-8b33-4958-8975-1843a9ebcfd4
2025-05-28 00:42:45,929 Sent event 247: 73cb369a-da9e-4e29-a85a-08e9cbcb5c08
2025-05-28 00:42:45,942 Sent event 248: 09d9f84c-7ee8-430f-8429-e8d829865db8
2025-05-28 00:42:45,956 Sent event 249: 20f0e946-6972-4885-9e6c-7f8a3a1a8d4c
2025-05-28 00:42:45,970 Sent event 250: e14e546a-cfde-4da2-9d92-373d5478a3db
2025-05-28 00:42:45,983 Sent event 251: 790007ae-f3fe-411d-9175-6747370ade92
2025-05-28 00:42:45,996 Sent event 252: 50385d83-0ca4-4af4-a925-993907eff2df
2025-05-28 00:42:46,009 Sent event 253: faed6c37-3d88-4d6e-9f84-5de8ed38d268
2025-05-28 00:42:46,021 Sent event 254: 12325ecd-e673-4748-8f68-82cec0fba7c1
2025-05-28 00:42:46,034 Sent event 255: d369b48f-4dd5-41f7-851e-51fbdeb7712a
2025-05-28 00:42:46,047 Sent event 256: 80d68236-0929-4b35-b181-e12c1bc2465c
2025-05-28 00:42:46,061 Sent event 257: 175aeecc-10a1-4bcb-8872-7f6f125d6c75
2025-05-28 00:42:46,074 Sent event 258: 8dbafa5c-c820-414d-8357-7d57a016bd27
2025-05-28 00:42:46,087 Sent event 259: 6e3e9c71-7274-432a-a2fb-86177593835a
2025-05-28 00:42:46,100 Sent event 260: fb7b2634-dc56-4461-bf38-1a688058e19d
2025-05-28 00:42:46,113 Sent event 261: 82ef0eee-1e76-4445-8542-a6217bb60430
2025-05-28 00:42:46,126 Sent event 262: ae678b4a-d7fd-4022-9c6b-baa6dad7b2bb
2025-05-28 00:42:46,140 Sent event 263: a9d7bb35-10b9-4829-8dce-e34fb2dc3ee3
2025-05-28 00:42:46,153 Sent event 264: 596cd5ef-c1cf-497f-9514-c760d093cc4d
2025-05-28 00:42:46,168 Sent event 265: 43c6f133-b864-42ed-b75d-5113748b3a9b
2025-05-28 00:42:46,183 Sent event 266: cdc8adfa-59f1-463b-b115-eb532cb97776
2025-05-28 00:42:46,196 Sent event 267: 7cabdd55-86c5-4a2b-8a0a-94108c159172
2025-05-28 00:42:46,210 Sent event 268: b7dc3e4a-4fdc-4204-afc0-21fcfb343bb0
2025-05-28 00:42:46,223 Sent event 269: 180e0329-2f7f-4862-a658-6a8a90ac862e
2025-05-28 00:42:46,237 Sent event 270: 2716443c-e14c-47e8-b220-602e66bb633a
2025-05-28 00:42:46,250 Sent event 271: 8efe8c10-bb01-4558-9f5c-c3b46413ce7c
2025-05-28 00:42:46,268 Sent event 272: 3e92b9ad-9c72-4723-bcf0-bb41b77d6bdb
2025-05-28 00:42:46,280 Sent event 273: 7633b586-7014-42f9-93d5-916b16734557
2025-05-28 00:42:46,292 Sent event 274: 41e2f11b-37a1-4996-8f7f-3390da41554a
2025-05-28 00:42:46,304 Sent event 275: 3f8884f3-d26b-4a8f-bab8-9478fa704607
2025-05-28 00:42:46,316 Sent event 276: 7f2368d1-7223-47e3-a70d-e70bafa49d6c
2025-05-28 00:42:46,328 Sent event 277: 721362ed-29b6-49c0-aec3-cc539c0b6f62
2025-05-28 00:42:46,340 Sent event 278: 689df90f-3859-4179-8a15-b5fb6ca138f8
2025-05-28 00:42:46,352 Sent event 279: d19de48a-83ef-4f2d-85a5-79c0c518ff8d
2025-05-28 00:42:46,365 Sent event 280: 4b8c4cc1-bb57-4918-8e82-1d514da0283c
2025-05-28 00:42:46,377 Sent event 281: 6cfe58eb-b429-46e0-b1fb-3b1ca5243d87
2025-05-28 00:42:46,391 Sent event 282: 8c57183b-d9a7-42d7-8a19-30a32afed0ed
2025-05-28 00:42:46,405 Sent event 283: fe6e2de2-9d1b-4167-8c66-c34586b3dc80
2025-05-28 00:42:46,418 Sent event 284: 341fce2f-1e4b-4a36-8a66-909bb81699fa
2025-05-28 00:42:46,432 Sent event 285: bd4f04b2-1d7a-4b9f-8f73-d9695fa04792
2025-05-28 00:42:46,446 Sent event 286: ea8f5795-5cec-4370-bf75-5484d866e55e
2025-05-28 00:42:46,459 Sent event 287: cda2c955-51d5-471a-9f70-7e40b737a4c4
2025-05-28 00:42:46,473 Sent event 288: 9e31580d-6e37-4a81-a1b3-f50f932a5da6
2025-05-28 00:42:46,487 Sent event 289: 0387f497-eace-41d9-aa52-38b74cbd4653
2025-05-28 00:42:46,500 Sent event 290: 8b3409d7-de51-421f-a8d6-5058c85c3d25
2025-05-28 00:42:46,516 Sent event 291: ffc007cd-0f8f-4070-9ab5-5d86e8ff0500
2025-05-28 00:42:46,529 Sent event 292: 49fac60a-3799-45df-b41a-b2ef17c77069
2025-05-28 00:42:46,543 Sent event 293: 6b718f61-79f6-4470-9417-10944df9b028
2025-05-28 00:42:46,557 Sent event 294: fa89affa-539e-45ab-a4cb-c99c6437758a
2025-05-28 00:42:46,571 Sent event 295: a631c750-5ac9-4a8b-bbc0-cc73a2a4577d
2025-05-28 00:42:46,585 Sent event 296: 1284046d-5e18-45d5-9363-b0c5a2391d5e
2025-05-28 00:42:46,599 Sent event 297: 9e577b39-3c8d-43a2-9c4a-f48c118a6f1d
2025-05-28 00:42:46,612 Sent event 298: 906ccf69-a140-4478-8ba7-aca9332eb07b
2025-05-28 00:42:46,625 Sent event 299: 191943f7-3ccb-4006-a6d0-fc501096c993
2025-05-28 00:42:46,639 Sent event 300: 4dd4fbb2-47b0-47bc-9df0-815d77e5a7ed
2025-05-28 00:42:46,653 Sent event 301: b1d85ceb-9d64-4408-94d1-7a7eab83662c
2025-05-28 00:42:46,669 Sent event 302: 3ce57c95-83d6-4e84-b081-30c089ca1001
2025-05-28 00:42:46,684 Sent event 303: 14db8492-b416-45ca-90f0-dee0e5a9c81d
2025-05-28 00:42:46,697 Sent event 304: 38ddd384-d5f2-4d53-8aca-f7b2374f6ea2
2025-05-28 00:42:46,713 Sent event 305: b684eb2d-dded-4ae8-b8e6-3a6d8f153885
2025-05-28 00:42:46,729 Sent event 306: 09cee3ac-786a-4ec1-a003-83873958372c
2025-05-28 00:42:46,743 Sent event 307: bd69af14-b6cd-4c45-a472-41bd367fc139
2025-05-28 00:42:46,754 Sent event 308: 09c99480-822b-4ab8-baf7-304f945083d8
2025-05-28 00:42:46,768 Sent event 309: 57562869-f710-4433-833e-9b4a97bf86ca
2025-05-28 00:42:46,781 Sent event 310: de196472-e7c9-487a-a023-01c015117b88
2025-05-28 00:42:46,795 Sent event 311: 60065e8a-aa22-458d-903d-fa17731dc014
2025-05-28 00:42:46,808 Sent event 312: 11e87bc0-3f22-415c-9453-0a543a179556
2025-05-28 00:42:46,822 Sent event 313: 0f457ad9-83e6-43bf-895f-1ebbc9b8f7b4
2025-05-28 00:42:46,835 Sent event 314: dadfa18b-1409-44a1-af78-5a3accc7d979
2025-05-28 00:42:46,850 Sent event 315: b0619857-e5f7-479a-bfd7-5bfa43ac3e8c
2025-05-28 00:42:46,864 Sent event 316: a564c3e0-2863-48e5-ba41-acf74f6962ec
2025-05-28 00:42:46,883 Sent event 317: 099aad95-ce93-4db1-b81a-13f0c8c746e5
2025-05-28 00:42:46,897 Sent event 318: 3555c577-7f79-435a-8571-b37555f37506
2025-05-28 00:42:46,911 Sent event 319: f82618f9-cc63-4534-8800-6a0de8b477bc
2025-05-28 00:42:46,925 Sent event 320: 9ba97bff-81bb-42cf-8227-670cd3cfaba3
2025-05-28 00:42:46,939 Sent event 321: 23e0a185-18c4-4419-bacf-1dbe8fa49123
2025-05-28 00:42:46,951 Sent event 322: e8157c3b-efc7-4f4c-9753-440873771b5c
2025-05-28 00:42:46,965 Sent event 323: b30fca37-c073-456c-8c8c-523bb5616709
2025-05-28 00:42:46,979 Sent event 324: f33eca21-6012-4fb4-9620-a6bf4f1b35f9
2025-05-28 00:42:46,991 Sent event 325: 536e0d4a-f041-4bbf-af3d-d1cdd2db8746
2025-05-28 00:42:47,005 Sent event 326: c6e6df4c-801d-464c-9b53-506f206cfd04
2025-05-28 00:42:47,019 Sent event 327: ccd6f6e0-0846-4f08-8f57-68803b5b00a2
2025-05-28 00:42:47,033 Sent event 328: 62330c15-34a6-4b06-8de1-4dadf4c26e29
2025-05-28 00:42:47,048 Sent event 329: 9a89069c-c044-42f6-b15b-2fc8a348ee4d
2025-05-28 00:42:47,061 Sent event 330: bd7f5e81-e3ce-41df-b339-4fe98fb6bf0c
2025-05-28 00:42:47,073 Sent event 331: 6a4ff3b2-1852-49fe-83e2-3134721ca915
2025-05-28 00:42:47,086 Sent event 332: 126c295f-8153-42f3-a321-c863d122b48a
2025-05-28 00:42:47,099 Sent event 333: c4180761-0ddf-46b8-9143-aae3423b448a
2025-05-28 00:42:47,112 Sent event 334: 27ed3bb9-6665-4732-b975-91d5dbe3ea78
2025-05-28 00:42:47,124 Sent event 335: bf216ae9-3a17-4fc6-9759-e49e6ece8aa6
2025-05-28 00:42:47,137 Sent event 336: 5d1434e9-24c0-401d-968d-766323ce1bac
2025-05-28 00:42:47,149 Sent event 337: 9b91cd72-36d7-4ffd-9fd4-5247522b5766
2025-05-28 00:42:47,162 Sent event 338: 40d0682f-8d8d-43b5-8b77-72bf838e4ed1
2025-05-28 00:42:47,175 Sent event 339: 200e8dfa-32c3-46d4-b62d-0d610b49f395
2025-05-28 00:42:47,188 Sent event 340: 3f453f10-927a-4b3c-a767-66b57f663120
2025-05-28 00:42:47,200 Sent event 341: def78893-2b43-4515-90b0-2a2e283e165e
2025-05-28 00:42:47,213 Sent event 342: 66878c1c-e803-49ef-a2e7-27fe9e4306aa
2025-05-28 00:42:47,226 Sent event 343: 7a09a1dd-9bc4-4bb1-9577-ac536bc70ff6
2025-05-28 00:42:47,239 Sent event 344: 0e5ff2bc-3ae8-4118-a20f-33aa8897945d
2025-05-28 00:42:47,251 Sent event 345: 8c7ee532-a711-491e-aa78-8a1773b82fb0
2025-05-28 00:42:47,268 Sent event 346: d1b05dc8-ef6b-48ce-b66b-ecca33416152
2025-05-28 00:42:47,281 Sent event 347: 79128f77-0110-4b1c-a93d-98ed9e56f83f
2025-05-28 00:42:47,295 Sent event 348: 95ba5883-aadc-434f-a998-dc786fc73751
2025-05-28 00:42:47,308 Sent event 349: fb5f9282-6264-4fce-b78b-628ad692d3d0
2025-05-28 00:42:47,322 Sent event 350: 3863837f-1af1-45d0-9709-103272afc152
2025-05-28 00:42:47,334 Sent event 351: dc892ded-42ae-43a0-979d-17dfb3227068
2025-05-28 00:42:47,347 Sent event 352: 6697d792-dad1-44b1-aa94-1296f1d6176e
2025-05-28 00:42:47,360 Sent event 353: 7eef8837-f4b1-418e-a98a-870ac54122f2
2025-05-28 00:42:47,374 Sent event 354: 4e466a71-e1fc-401f-b222-4ee10d7ae64e
2025-05-28 00:42:47,387 Sent event 355: 023576c8-7a63-465c-8ca2-bba5ff63355f
2025-05-28 00:42:47,401 Sent event 356: 199d78f6-3c66-4dd8-9036-e12a83f4aa4a
2025-05-28 00:42:47,414 Sent event 357: b06fdb76-176f-4405-814e-10d090bd76b6
2025-05-28 00:42:47,427 Sent event 358: 208b2b6a-066a-4a90-9eba-4e329070d775
2025-05-28 00:42:47,442 Sent event 359: 92cf72d6-5ab2-4e9b-bc07-d45b01ff51dd
2025-05-28 00:42:47,459 Sent event 360: ddd91306-fa11-43fa-829a-5e7cc561119b
2025-05-28 00:42:47,474 Sent event 361: a3428867-b475-43ed-8111-9c78c269c184
2025-05-28 00:42:47,489 Sent event 362: 64f523a1-dc77-409a-afae-60428f6404df
2025-05-28 00:42:47,502 Sent event 363: 3ae0f4b0-aff2-4ce7-954b-5edb48fae897
2025-05-28 00:42:47,519 Sent event 364: 054109a6-fefd-41e5-8445-72493de2e7e6
2025-05-28 00:42:47,532 Sent event 365: 09b9d450-21bd-454a-b53a-7adb855e30a6
2025-05-28 00:42:47,545 Sent event 366: b079d8b3-7e26-47e7-a87a-68b090330bf9
2025-05-28 00:42:47,558 Sent event 367: 274053a4-d119-49e7-af17-3adf7f4b62eb
2025-05-28 00:42:47,571 Sent event 368: 50bc8f18-b14d-4665-a12f-eece037d244f
2025-05-28 00:42:47,583 Sent event 369: 4f811969-b7d3-41c2-86d9-00bbfe2aecaa
2025-05-28 00:42:47,603 Sent event 370: 5d692af3-5ef4-4770-a878-fb0a001a4c00
2025-05-28 00:42:47,618 Sent event 371: ea2814af-53ef-4004-937f-3f86077f782a
2025-05-28 00:42:47,631 Sent event 372: 34a69b34-1c50-4daf-9b7e-afc55f0da877
2025-05-28 00:42:47,646 Sent event 373: 8744280f-7c73-46ae-9d37-c6a6ce410074
2025-05-28 00:42:47,665 Sent event 374: ce327171-8ace-43bc-9612-27bd340d1318
2025-05-28 00:42:47,678 Sent event 375: c4a81869-054f-4e20-a67e-1cb4a59ecbfd
2025-05-28 00:42:47,691 Sent event 376: 066bfd9b-b0b5-4a87-a7fd-7546b99d083c
2025-05-28 00:42:47,704 Sent event 377: ad12eb7b-af8c-47f3-9f78-bfbdd6a36c28
2025-05-28 00:42:47,719 Sent event 378: 6adbadf5-bf39-4c3b-8433-e5b2f5fc3c7d
2025-05-28 00:42:47,739 Sent event 379: 28083f47-e712-40a7-9033-d51c60d8c74a
2025-05-28 00:42:47,752 Sent event 380: 4e57bcc6-ea41-4506-b586-f1f4fb3c36a5
2025-05-28 00:42:47,767 Sent event 381: 18187716-fc30-4859-9478-f9199270e02d
2025-05-28 00:42:47,780 Sent event 382: e842f899-591a-4e36-9055-659b25d25c4c
2025-05-28 00:42:47,798 Sent event 383: e21422c3-e435-4d0a-adae-d7f5fd27b5f1
2025-05-28 00:42:47,812 Sent event 384: 63330dc3-47f1-47c0-8c90-2f8f16c5cdb7
2025-05-28 00:42:47,826 Sent event 385: 227dffe4-3368-4747-9959-e21793ece6d4
2025-05-28 00:42:47,841 Sent event 386: 053c5d56-d43b-41db-8d2e-59510822db9b
2025-05-28 00:42:47,863 Sent event 387: e225fcef-1013-4099-b216-e29c14365680
2025-05-28 00:42:47,876 Sent event 388: 2a989332-0741-472c-be55-c398029fb5db
2025-05-28 00:42:47,890 Sent event 389: aa0fb2d5-26e7-4e58-950f-d9f3653f1f3a
2025-05-28 00:42:47,903 Sent event 390: 0d2e5f47-8ee8-4020-8b63-e43978a5f4d3
2025-05-28 00:42:47,916 Sent event 391: 9d3fc312-e5e5-4201-9b1d-4899135407a3
2025-05-28 00:42:47,930 Sent event 392: b6456a6e-b6bc-4356-87b1-deea5fee9cbc
2025-05-28 00:42:47,945 Sent event 393: 05d257c2-63ba-453e-b2bc-5358672aaed4
2025-05-28 00:42:47,959 Sent event 394: 2907965f-a739-477f-9f8e-980a0e40ef18
2025-05-28 00:42:47,972 Sent event 395: a05ae59e-3347-4aeb-8156-3dde181c15d2
2025-05-28 00:42:47,985 Sent event 396: 77e5bada-e248-4f46-ac90-8a40a3cb114d
2025-05-28 00:42:47,998 Sent event 397: 88829f92-2abc-4d15-bb79-29e791181653
2025-05-28 00:42:48,012 Sent event 398: be7dcf14-454c-43be-9d54-78c07a23ac15
2025-05-28 00:42:48,026 Sent event 399: 25dbf535-beb7-42b9-b5b8-df0504ba3e5f
2025-05-28 00:42:48,039 Sent event 400: fd7955e9-4a5f-48e1-9189-a17f66d4ddac
2025-05-28 00:42:48,053 Sent event 401: ebb9c4c7-ec7c-4825-8eb2-9fa27ba98616
2025-05-28 00:42:48,068 Sent event 402: 13a2010d-5069-48fe-8c56-a9f3642dd93b
2025-05-28 00:42:48,081 Sent event 403: c8e725de-b42a-47bc-80cd-89d8879f20e7
2025-05-28 00:42:48,094 Sent event 404: 2628a710-3656-4ec4-b6e7-8d8593e86159
2025-05-28 00:42:48,108 Sent event 405: 5547c1ce-bc80-479b-8511-2e7f64a02a84
2025-05-28 00:42:48,125 Sent event 406: aa7647b8-1cc1-4877-97f7-029c5f4f2ac2
2025-05-28 00:42:48,139 Sent event 407: 96e9d8d0-e309-4ef4-8324-33c7e09e432b
2025-05-28 00:42:48,153 Sent event 408: 00b3cb8f-7b13-42b7-98a5-1151e7b1d6aa
2025-05-28 00:42:48,165 Sent event 409: 1ca6daab-d611-4504-822b-7192a7404b15
2025-05-28 00:42:48,178 Sent event 410: 43791ac0-9d82-430b-b4a1-cc9b7cc41e3d
2025-05-28 00:42:48,190 Sent event 411: c02c1712-a16a-4dfa-96a4-1d3a0ebe4743
2025-05-28 00:42:48,202 Sent event 412: 3eebeb0c-05c0-482c-8be7-3045d94ab0f3
2025-05-28 00:42:48,215 Sent event 413: 752f1713-19aa-4c28-b4aa-3f83c802ecfd
2025-05-28 00:42:48,227 Sent event 414: 71e58b71-b5a4-43c5-9737-d46ef5a57cb5
2025-05-28 00:42:48,240 Sent event 415: 7005bf15-8fe4-4ce8-a3eb-a2aabe811325
2025-05-28 00:42:48,252 Sent event 416: 55523e88-199b-4bba-a84a-1b24013af50c
2025-05-28 00:42:48,264 Sent event 417: 5704b9b1-abfb-4a4e-9de8-c84a7e2fb409
2025-05-28 00:42:48,277 Sent event 418: 0cc81870-50bc-4acb-9175-eb6b68b736b4
2025-05-28 00:42:48,289 Sent event 419: be5e1b0c-c2eb-4bfa-96d2-c7c32406bba9
2025-05-28 00:42:48,302 Sent event 420: b23b0429-8ad3-4cdd-b2ec-e4af7e894c59
2025-05-28 00:42:48,317 Sent event 421: bf859f3c-c30f-4527-a49d-5be38dac17ef
2025-05-28 00:42:48,329 Sent event 422: e7cd94a6-4993-4f0d-8038-6a30e07853c6
2025-05-28 00:42:48,343 Sent event 423: df554b26-9a9b-424c-b67c-6f2ef3eb7a52
2025-05-28 00:42:48,354 Sent event 424: 62926d25-b762-4e7f-ac92-aa32789ada12
2025-05-28 00:42:48,366 Sent event 425: c9b1e93f-e9d8-4dba-a33e-39ed0fdaeed1
2025-05-28 00:42:48,378 Sent event 426: b30085a7-381e-40bb-9843-7a4d94353a4e
2025-05-28 00:42:48,390 Sent event 427: e2fa86e0-147e-4137-89b4-e0ca73f77f39
2025-05-28 00:42:48,403 Sent event 428: f07564f4-c0a8-4359-a0b6-e481cabba30a
2025-05-28 00:42:48,416 Sent event 429: f86479be-06bf-40bc-b342-4b71359cb82d
2025-05-28 00:42:48,429 Sent event 430: 5c6f3006-32fb-4467-9299-89f9433438b1
2025-05-28 00:42:48,442 Sent event 431: f94ab11d-80ed-402a-b7b3-377b5f068591
2025-05-28 00:42:48,455 Sent event 432: 3ff1fa99-17b7-49d6-aaf8-feebbe97b6e9
2025-05-28 00:42:48,468 Sent event 433: 95002c4c-f5b4-49c0-8dc4-48149104c0e8
2025-05-28 00:42:48,481 Sent event 434: 5ee87ae8-d435-4c0a-8a00-740e3b25d3cc
2025-05-28 00:42:48,497 Sent event 435: 0df8ca42-3c17-436f-be40-537aa2a8c0e9
2025-05-28 00:42:48,512 Sent event 436: 1d23d77f-d243-49fc-9176-93577fa98fb1
2025-05-28 00:42:48,526 Sent event 437: 300a8af7-3ac8-444f-b755-d26f5fb89d96
2025-05-28 00:42:48,540 Sent event 438: 49e7208b-3de2-4839-a853-2cf6bc044fa2
2025-05-28 00:42:48,555 Sent event 439: ea4b7fd4-fe2e-4d63-87a8-1cbd1323df4d
2025-05-28 00:42:48,570 Sent event 440: c455f141-531b-44fe-8e06-44fa0610c777
2025-05-28 00:42:48,582 Sent event 441: f64ee579-ec80-44a0-985e-092d05e7afdb
2025-05-28 00:42:48,596 Sent event 442: ccf7b44a-2df1-4101-b33a-bdd84aa81854
2025-05-28 00:42:48,609 Sent event 443: 1666f6a1-0b9e-447d-a7be-a3cae068ffb5
2025-05-28 00:42:48,621 Sent event 444: 2161c14b-3dcf-4e74-92a1-59b850da2d33
2025-05-28 00:42:48,634 Sent event 445: 2e9de9d5-fabd-4755-96a5-31a8a97cbbb2
2025-05-28 00:42:48,648 Sent event 446: 0c665d63-001d-4a3a-ba53-cdac54ba466d
2025-05-28 00:42:48,661 Sent event 447: e6be63f1-204a-4fcd-8523-26b870b1fa71
2025-05-28 00:42:48,674 Sent event 448: 0069a858-6ee8-4052-a129-af117021c2a5
2025-05-28 00:42:48,687 Sent event 449: 48bacc90-89a8-4a9f-8598-aff5269d5501
2025-05-28 00:42:48,700 Sent event 450: d763e2ab-a8b4-45f5-889a-dabb5c154e0e
2025-05-28 00:42:48,713 Sent event 451: cc291ae3-1c86-4f63-a4e4-e133628b584b
2025-05-28 00:42:48,727 Sent event 452: 1f633232-a992-4a03-9e76-c326bdf1ad01
2025-05-28 00:42:48,739 Sent event 453: 843d29ed-f0ec-4808-ade3-b92257f979d5
2025-05-28 00:42:48,752 Sent event 454: d90f434f-c401-4582-9d91-e10f7fc0c778
2025-05-28 00:42:48,764 Sent event 455: ba7e3aa1-8a70-4cf8-9a55-5d6ec670791d
2025-05-28 00:42:48,776 Sent event 456: 1646b37c-500e-48fa-82d5-8126bff76190
2025-05-28 00:42:48,789 Sent event 457: 022a2405-f23a-434c-a838-6b157aea83cc
2025-05-28 00:42:48,801 Sent event 458: a6d95d1f-e8eb-4cb2-bfd8-d6a62256b4b0
2025-05-28 00:42:48,814 Sent event 459: f257ce54-e8b1-4045-adb2-1dcc178f07af
2025-05-28 00:42:48,826 Sent event 460: 80a6acec-39d5-4e4a-82bb-2385059002d6
2025-05-28 00:42:48,839 Sent event 461: 5cec47ab-96cb-4391-863a-44ff1417387c
2025-05-28 00:42:48,852 Sent event 462: 84a9b6ee-bf1a-4d37-b8ab-2668053fe679
2025-05-28 00:42:48,866 Sent event 463: fc330442-4957-40fd-8480-4133cc8bb871
2025-05-28 00:42:48,879 Sent event 464: 8594f249-47b7-4869-8b83-cb812362f026
2025-05-28 00:42:48,893 Sent event 465: 99286046-840d-43d1-878c-9c79b5fe8b7c
2025-05-28 00:42:48,916 Sent event 466: 107740c2-0f07-40e2-a85e-cd6903bdb915
2025-05-28 00:42:48,930 Sent event 467: e35a47cf-3e0b-4ff0-be6e-318320648c7f
2025-05-28 00:42:48,943 Sent event 468: 79455657-dc61-4b3b-8b0a-4118e4b3d5d3
2025-05-28 00:42:48,958 Sent event 469: 6c54e9f1-f977-46b2-967a-21aa18e48e4b
2025-05-28 00:42:48,971 Sent event 470: 57ca0678-30f8-4c3b-90c4-b4cacf1c39b1
2025-05-28 00:42:48,983 Sent event 471: 9c98131b-cd78-4913-b9ff-cf327a234ffc
2025-05-28 00:42:48,995 Sent event 472: c4c8a30e-c15b-4537-b19d-e1410c345778
2025-05-28 00:42:49,009 Sent event 473: b1db8d4e-63cd-4eb4-9117-153da1b9b846
2025-05-28 00:42:49,028 Sent event 474: 8e761597-0a8e-4d9f-8446-920b8a2a1f63
2025-05-28 00:42:49,043 Sent event 475: a0dea8c5-b485-48d7-b722-8e5bf7f5fbe6
2025-05-28 00:42:49,061 Sent event 476: 130cf963-7031-4b04-90fd-88ba1d14d3da
2025-05-28 00:42:49,085 Sent event 477: b3b3b29f-d7c3-4e2e-b2f5-f7ed2839860b
2025-05-28 00:42:49,102 Sent event 478: 0270d4de-9576-4cf0-b788-3d58097ea685
2025-05-28 00:42:49,117 Sent event 479: 7d5e6e15-91cf-4d43-a2c8-36a835e927a6
2025-05-28 00:42:49,131 Sent event 480: c935bb00-c17e-433b-ac57-d35abce46deb
2025-05-28 00:42:49,144 Sent event 481: dcad616a-fe71-474c-ab0b-bfffa43414fb
2025-05-28 00:42:49,157 Sent event 482: 5a6ea1f6-53e0-47d9-a432-2950ccfc747f
2025-05-28 00:42:49,171 Sent event 483: b837cf8b-ee6f-4bcf-a769-3340968dbcae
2025-05-28 00:42:49,186 Sent event 484: 35fcd50e-4e7b-426c-bda5-7aa0d4f780b0
2025-05-28 00:42:49,201 Sent event 485: 11e715c0-b235-46c7-9803-490911cdea22
2025-05-28 00:42:49,214 Sent event 486: 0b320459-3d80-430c-a7f1-e1da8af7b2a1
2025-05-28 00:42:49,230 Sent event 487: 6aa757a6-18d8-4063-a756-cad4c29fa635
2025-05-28 00:42:49,244 Sent event 488: 21b647ed-95cc-4d56-80f3-aa587a91ca48
2025-05-28 00:42:49,259 Sent event 489: 2d026dd3-c87e-47c1-aa6f-6fc13b53aabd
2025-05-28 00:42:49,274 Sent event 490: 4161fdc5-c84e-4f49-805f-8c7b94a0f1dc
2025-05-28 00:42:49,287 Sent event 491: df37b9ba-5b5f-43c4-99e8-1e508f225b5a
2025-05-28 00:42:49,301 Sent event 492: 27ea9aa2-e3c6-4e6c-9093-f6fe366f1307
2025-05-28 00:42:49,314 Sent event 493: 16a995f7-136d-4f30-b1dd-78ded97c22b5
2025-05-28 00:42:49,329 Sent event 494: 7f49a09d-a5c8-427d-94a8-ae68f2c0aff1
2025-05-28 00:42:49,343 Sent event 495: f3629040-b8b1-41cb-9580-19e4c6885a33
2025-05-28 00:42:49,356 Sent event 496: 31ab8468-4cf3-4ca6-8e97-6e26d691445c
2025-05-28 00:42:49,370 Sent event 497: f7301b5b-3464-4e5d-96ea-16d35e36e2cb
2025-05-28 00:42:49,384 Sent event 498: 8fbf07e9-bae9-4048-b2ad-a2a24b49d5e7
2025-05-28 00:42:49,397 Sent event 499: 23f4d504-1295-47f9-82f1-d5bd4921cf87
2025-05-28 00:42:49,411 Sent event 500: 2bd2e7f3-4bcb-46a8-ab22-98f55ff09db2
2025-05-28 00:43:52,518 Sent event 1: 2ee391db-6648-405a-be50-861b8989694b
2025-05-28 00:43:52,531 Sent event 2: 439ba6be-98df-4209-86e8-d9f1848a79df
2025-05-28 00:43:52,543 Sent event 3: 485e5593-6b31-49d0-b752-8909e6fdd049
2025-05-28 00:43:52,557 Sent event 4: 8267f7e7-5913-40ef-b9e3-e39ab92b80e5
2025-05-28 00:43:52,568 Sent event 5: 35567bb9-e3a6-4aba-b832-1479c932a0bb
2025-05-28 00:44:18,327 Sent event 1: 2ee391db-6648-405a-be50-861b8989694b
2025-05-28 00:44:18,339 Sent event 2: 439ba6be-98df-4209-86e8-d9f1848a79df
2025-05-28 00:44:18,351 Sent event 3: 485e5593-6b31-49d0-b752-8909e6fdd049
2025-05-28 00:44:18,367 Sent event 4: 8267f7e7-5913-40ef-b9e3-e39ab92b80e5
2025-05-28 00:44:18,380 Sent event 5: 35567bb9-e3a6-4aba-b832-1479c932a0bb
2025-05-28 00:44:57,663 Sent event 1: 2ee391db-6648-405a-be50-861b8989694b
2025-05-28 00:44:57,675 Sent event 2: 439ba6be-98df-4209-86e8-d9f1848a79df
2025-05-28 00:44:57,687 Sent event 3: 485e5593-6b31-49d0-b752-8909e6fdd049
2025-05-28 00:44:57,700 Sent event 4: 8267f7e7-5913-40ef-b9e3-e39ab92b80e5
2025-05-28 00:44:57,715 Sent event 5: 35567bb9-e3a6-4aba-b832-1479c932a0bb
2025-05-28 00:48:28,030 Sent event 1: 2ee391db-6648-405a-be50-861b8989694b
2025-05-28 00:48:28,043 Sent event 2: 439ba6be-98df-4209-86e8-d9f1848a79df
2025-05-28 00:48:28,055 Sent event 3: 485e5593-6b31-49d0-b752-8909e6fdd049
2025-05-28 00:48:28,068 Sent event 4: 8267f7e7-5913-40ef-b9e3-e39ab92b80e5
2025-05-28 00:48:28,080 Sent event 5: 35567bb9-e3a6-4aba-b832-1479c932a0bb
2025-05-28 00:48:50,082 Sent event 1: 2ee391db-6648-405a-be50-861b8989694b
2025-05-28 00:48:50,095 Sent event 2: 439ba6be-98df-4209-86e8-d9f1848a79df
2025-05-28 00:48:50,107 Sent event 3: 485e5593-6b31-49d0-b752-8909e6fdd049
2025-05-28 00:48:50,119 Sent event 4: 8267f7e7-5913-40ef-b9e3-e39ab92b80e5
2025-05-28 00:48:50,131 Sent event 5: 35567bb9-e3a6-4aba-b832-1479c932a0bb
2025-05-28 01:04:14,260 Sent event 1: 426061cb-1b0e-4e41-8b55-5a3f4eb8d5ce
2025-05-28 01:04:14,272 Sent event 2: c4d547af-a085-4932-8638-cd043c2f0f1e
2025-05-28 01:04:14,284 Sent event 3: 7ab31124-6eca-4f22-bafb-31a3bde508d5
2025-05-28 01:04:14,297 Sent event 4: 3e61186e-f187-48a8-9751-eb11ca3fecd6
2025-05-28 01:04:14,308 Sent event 5: 501ed602-2093-430f-87f8-46dffc310932
2025-05-28 01:04:38,309 Sent event 1: 78d58208-c976-423f-a309-ee43ea1dc290
2025-05-28 01:04:38,321 Sent event 2: 3ec4f571-0065-4986-9dce-4e8f3c009fd0
2025-05-28 01:04:38,333 Sent event 3: 606e2d0c-6c75-4c14-b58e-6be64f928eba
2025-05-28 01:04:38,345 Sent event 4: 18168ec4-523c-4108-903f-de75f13d7ea1
2025-05-28 01:04:38,357 Sent event 5: fb103e88-4100-4851-85ae-363f1bf6ab2f
